[2024-12-22T09:10:59.104+0000] {manager.py:487} INFO - Processing files using up to 2 processes at a time 
[2024-12-22T09:10:59.109+0000] {manager.py:488} INFO - Process each file at most once every 30 seconds
[2024-12-22T09:10:59.113+0000] {manager.py:490} INFO - Checking for new files in /opt/airflow/dags every 300 seconds
[2024-12-22T09:10:59.115+0000] {manager.py:758} INFO - Searching for files in /opt/airflow/dags
[2024-12-22T09:10:59.123+0000] {manager.py:761} INFO - There are 1 files in /opt/airflow/dags
[2024-12-22T09:10:59.490+0000] {manager.py:889} INFO - 
================================================================================
DAG File Processing Stats

File Path                         PID  Runtime      # DAGs    # Errors  Last Runtime    Last Run
------------------------------  -----  ---------  --------  ----------  --------------  ----------
/opt/airflow/dags/rickmorty.py     73  0.09s             0           0
================================================================================
[2024-12-22T09:11:29.676+0000] {manager.py:889} INFO - 
================================================================================
DAG File Processing Stats

File Path                       PID    Runtime      # DAGs    # Errors  Last Runtime    Last Run
------------------------------  -----  ---------  --------  ----------  --------------  -------------------
/opt/airflow/dags/rickmorty.py                           1           0  0.37s           2024-12-22T09:10:59
================================================================================
[2024-12-22T09:12:00.109+0000] {manager.py:889} INFO - 
================================================================================
DAG File Processing Stats

File Path                       PID    Runtime      # DAGs    # Errors  Last Runtime    Last Run
------------------------------  -----  ---------  --------  ----------  --------------  -------------------
/opt/airflow/dags/rickmorty.py                           1           0  0.36s           2024-12-22T09:11:30
================================================================================
[2024-12-22T09:12:30.634+0000] {manager.py:889} INFO - 
================================================================================
DAG File Processing Stats

File Path                       PID    Runtime      # DAGs    # Errors  Last Runtime    Last Run
------------------------------  -----  ---------  --------  ----------  --------------  -------------------
/opt/airflow/dags/rickmorty.py                           1           0  0.20s           2024-12-22T09:12:00
================================================================================
[2024-12-22T09:13:00.969+0000] {manager.py:889} INFO - 
================================================================================
DAG File Processing Stats

File Path                       PID    Runtime      # DAGs    # Errors  Last Runtime    Last Run
------------------------------  -----  ---------  --------  ----------  --------------  -------------------
/opt/airflow/dags/rickmorty.py                           1           0  0.18s           2024-12-22T09:12:30
================================================================================
[2024-12-22T09:13:31.306+0000] {manager.py:889} INFO - 
================================================================================
DAG File Processing Stats

File Path                       PID    Runtime      # DAGs    # Errors  Last Runtime    Last Run
------------------------------  -----  ---------  --------  ----------  --------------  -------------------
/opt/airflow/dags/rickmorty.py                           1           0  0.21s           2024-12-22T09:13:01
================================================================================
[2024-12-22T09:14:01.647+0000] {manager.py:889} INFO - 
================================================================================
DAG File Processing Stats

File Path                       PID    Runtime      # DAGs    # Errors  Last Runtime    Last Run
------------------------------  -----  ---------  --------  ----------  --------------  -------------------
/opt/airflow/dags/rickmorty.py                           1           0  0.18s           2024-12-22T09:13:31
================================================================================
[2024-12-22T09:14:31.964+0000] {manager.py:889} INFO - 
================================================================================
DAG File Processing Stats

File Path                         PID  Runtime      # DAGs    # Errors  Last Runtime    Last Run
------------------------------  -----  ---------  --------  ----------  --------------  -------------------
/opt/airflow/dags/rickmorty.py    129  0.01s             1           0  0.14s           2024-12-22T09:14:01
================================================================================
[2024-12-22T09:15:02.248+0000] {manager.py:889} INFO - 
================================================================================
DAG File Processing Stats

File Path                         PID  Runtime      # DAGs    # Errors  Last Runtime    Last Run
------------------------------  -----  ---------  --------  ----------  --------------  -------------------
/opt/airflow/dags/rickmorty.py    137  0.01s             1           0  0.16s           2024-12-22T09:14:32
================================================================================
[2024-12-22T09:15:32.406+0000] {manager.py:889} INFO - 
================================================================================
DAG File Processing Stats

File Path                       PID    Runtime      # DAGs    # Errors  Last Runtime    Last Run
------------------------------  -----  ---------  --------  ----------  --------------  -------------------
/opt/airflow/dags/rickmorty.py                           1           0  0.21s           2024-12-22T09:15:02
================================================================================
[2024-12-22T09:15:59.720+0000] {manager.py:758} INFO - Searching for files in /opt/airflow/dags
[2024-12-22T09:15:59.721+0000] {manager.py:761} INFO - There are 1 files in /opt/airflow/dags
[2024-12-22T09:16:02.748+0000] {manager.py:889} INFO - 
================================================================================
DAG File Processing Stats

File Path                       PID    Runtime      # DAGs    # Errors  Last Runtime    Last Run
------------------------------  -----  ---------  --------  ----------  --------------  -------------------
/opt/airflow/dags/rickmorty.py                           1           0  0.23s           2024-12-22T09:15:32
================================================================================
[2024-12-22T09:16:33.143+0000] {manager.py:889} INFO - 
================================================================================
DAG File Processing Stats

File Path                       PID    Runtime      # DAGs    # Errors  Last Runtime    Last Run
------------------------------  -----  ---------  --------  ----------  --------------  -------------------
/opt/airflow/dags/rickmorty.py                           1           0  0.17s           2024-12-22T09:16:03
================================================================================
[2024-12-22T09:17:03.463+0000] {manager.py:889} INFO - 
================================================================================
DAG File Processing Stats

File Path                         PID  Runtime      # DAGs    # Errors  Last Runtime    Last Run
------------------------------  -----  ---------  --------  ----------  --------------  -------------------
/opt/airflow/dags/rickmorty.py    168  0.01s             1           0  0.14s           2024-12-22T09:16:33
================================================================================
[2024-12-22T09:17:33.759+0000] {manager.py:889} INFO - 
================================================================================
DAG File Processing Stats

File Path                         PID  Runtime      # DAGs    # Errors  Last Runtime    Last Run
------------------------------  -----  ---------  --------  ----------  --------------  -------------------
/opt/airflow/dags/rickmorty.py    176  0.01s             1           0  0.25s           2024-12-22T09:17:03
================================================================================
[2024-12-22T09:18:04.022+0000] {manager.py:889} INFO - 
================================================================================
DAG File Processing Stats

File Path                         PID  Runtime      # DAGs    # Errors  Last Runtime    Last Run
------------------------------  -----  ---------  --------  ----------  --------------  -------------------
/opt/airflow/dags/rickmorty.py    184  0.02s             1           0  0.19s           2024-12-22T09:17:33
================================================================================
[2024-12-22T09:18:34.267+0000] {manager.py:889} INFO - 
================================================================================
DAG File Processing Stats

File Path                       PID    Runtime      # DAGs    # Errors  Last Runtime    Last Run
------------------------------  -----  ---------  --------  ----------  --------------  -------------------
/opt/airflow/dags/rickmorty.py                           1           0  0.38s           2024-12-22T09:18:04
================================================================================
[2024-12-22T09:19:04.763+0000] {manager.py:889} INFO - 
================================================================================
DAG File Processing Stats

File Path                         PID  Runtime      # DAGs    # Errors  Last Runtime    Last Run
------------------------------  -----  ---------  --------  ----------  --------------  -------------------
/opt/airflow/dags/rickmorty.py    200  0.01s             1           0  0.19s           2024-12-22T09:18:34
================================================================================
[2024-12-22T09:19:35.101+0000] {manager.py:889} INFO - 
================================================================================
DAG File Processing Stats

File Path                         PID  Runtime      # DAGs    # Errors  Last Runtime    Last Run
------------------------------  -----  ---------  --------  ----------  --------------  -------------------
/opt/airflow/dags/rickmorty.py    207  0.02s             1           0  0.17s           2024-12-22T09:19:04
================================================================================
[2024-12-22T09:20:05.349+0000] {manager.py:889} INFO - 
================================================================================
DAG File Processing Stats

File Path                       PID    Runtime      # DAGs    # Errors  Last Runtime    Last Run
------------------------------  -----  ---------  --------  ----------  --------------  -------------------
/opt/airflow/dags/rickmorty.py                           1           0  0.30s           2024-12-22T09:19:35
================================================================================
[2024-12-22T09:20:35.744+0000] {manager.py:889} INFO - 
================================================================================
DAG File Processing Stats

File Path                         PID  Runtime      # DAGs    # Errors  Last Runtime    Last Run
------------------------------  -----  ---------  --------  ----------  --------------  -------------------
/opt/airflow/dags/rickmorty.py    223  0.01s             1           0  0.14s           2024-12-22T09:20:05
================================================================================
[2024-12-22T09:21:00.004+0000] {manager.py:758} INFO - Searching for files in /opt/airflow/dags
[2024-12-22T09:21:00.007+0000] {manager.py:761} INFO - There are 1 files in /opt/airflow/dags
[2024-12-22T09:21:06.084+0000] {manager.py:889} INFO - 
================================================================================
DAG File Processing Stats

File Path                         PID  Runtime      # DAGs    # Errors  Last Runtime    Last Run
------------------------------  -----  ---------  --------  ----------  --------------  -------------------
/opt/airflow/dags/rickmorty.py    231  0.01s             1           0  0.22s           2024-12-22T09:20:35
================================================================================
[2024-12-22T09:21:36.246+0000] {manager.py:889} INFO - 
================================================================================
DAG File Processing Stats

File Path                       PID    Runtime      # DAGs    # Errors  Last Runtime    Last Run
------------------------------  -----  ---------  --------  ----------  --------------  -------------------
/opt/airflow/dags/rickmorty.py                           1           0  0.18s           2024-12-22T09:21:06
================================================================================
[2024-12-22T09:22:06.569+0000] {manager.py:889} INFO - 
================================================================================
DAG File Processing Stats

File Path                         PID  Runtime      # DAGs    # Errors  Last Runtime    Last Run
------------------------------  -----  ---------  --------  ----------  --------------  -------------------
/opt/airflow/dags/rickmorty.py    246  0.01s             1           0  0.13s           2024-12-22T09:21:36
================================================================================
[2024-12-22T09:22:36.855+0000] {manager.py:889} INFO - 
================================================================================
DAG File Processing Stats

File Path                         PID  Runtime      # DAGs    # Errors  Last Runtime    Last Run
------------------------------  -----  ---------  --------  ----------  --------------  -------------------
/opt/airflow/dags/rickmorty.py    254  0.01s             1           0  0.13s           2024-12-22T09:22:06
================================================================================
[2024-12-22T09:23:07.038+0000] {manager.py:889} INFO - 
================================================================================
DAG File Processing Stats

File Path                         PID  Runtime      # DAGs    # Errors  Last Runtime    Last Run
------------------------------  -----  ---------  --------  ----------  --------------  -------------------
/opt/airflow/dags/rickmorty.py    262  0.01s             1           0  0.14s           2024-12-22T09:22:36
================================================================================
[2024-12-22T09:23:37.278+0000] {manager.py:889} INFO - 
================================================================================
DAG File Processing Stats

File Path                         PID  Runtime      # DAGs    # Errors  Last Runtime    Last Run
------------------------------  -----  ---------  --------  ----------  --------------  -------------------
/opt/airflow/dags/rickmorty.py    270  0.01s             1           0  0.15s           2024-12-22T09:23:07
================================================================================
[2024-12-22T09:24:07.450+0000] {manager.py:889} INFO - 
================================================================================
DAG File Processing Stats

File Path                         PID  Runtime      # DAGs    # Errors  Last Runtime    Last Run
------------------------------  -----  ---------  --------  ----------  --------------  -------------------
/opt/airflow/dags/rickmorty.py    278  0.01s             1           0  0.13s           2024-12-22T09:23:37
================================================================================
[2024-12-22T09:24:37.696+0000] {manager.py:889} INFO - 
================================================================================
DAG File Processing Stats

File Path                         PID  Runtime      # DAGs    # Errors  Last Runtime    Last Run
------------------------------  -----  ---------  --------  ----------  --------------  -------------------
/opt/airflow/dags/rickmorty.py    286  0.01s             1           0  0.13s           2024-12-22T09:24:07
================================================================================
[2024-12-22T09:25:07.887+0000] {manager.py:889} INFO - 
================================================================================
DAG File Processing Stats

File Path                         PID  Runtime      # DAGs    # Errors  Last Runtime    Last Run
------------------------------  -----  ---------  --------  ----------  --------------  -------------------
/opt/airflow/dags/rickmorty.py    294  0.01s             1           0  0.13s           2024-12-22T09:24:37
================================================================================
[2024-12-22T09:25:38.113+0000] {manager.py:889} INFO - 
================================================================================
DAG File Processing Stats

File Path                         PID  Runtime      # DAGs    # Errors  Last Runtime    Last Run
------------------------------  -----  ---------  --------  ----------  --------------  -------------------
/opt/airflow/dags/rickmorty.py    302  0.01s             1           0  0.16s           2024-12-22T09:25:08
================================================================================
[2024-12-22T09:26:00.279+0000] {manager.py:758} INFO - Searching for files in /opt/airflow/dags
[2024-12-22T09:26:00.281+0000] {manager.py:761} INFO - There are 1 files in /opt/airflow/dags
[2024-12-22T09:26:08.358+0000] {manager.py:889} INFO - 
================================================================================
DAG File Processing Stats

File Path                         PID  Runtime      # DAGs    # Errors  Last Runtime    Last Run
------------------------------  -----  ---------  --------  ----------  --------------  -------------------
/opt/airflow/dags/rickmorty.py    310  0.01s             1           0  0.13s           2024-12-22T09:25:38
================================================================================
[2024-12-22T09:26:38.558+0000] {manager.py:889} INFO - 
================================================================================
DAG File Processing Stats

File Path                         PID  Runtime      # DAGs    # Errors  Last Runtime    Last Run
------------------------------  -----  ---------  --------  ----------  --------------  -------------------
/opt/airflow/dags/rickmorty.py    318  0.01s             1           0  0.19s           2024-12-22T09:26:08
================================================================================
[2024-12-22T09:27:08.911+0000] {manager.py:889} INFO - 
================================================================================
DAG File Processing Stats

File Path                         PID  Runtime      # DAGs    # Errors  Last Runtime    Last Run
------------------------------  -----  ---------  --------  ----------  --------------  -------------------
/opt/airflow/dags/rickmorty.py    325  0.01s             1           0  0.22s           2024-12-22T09:26:38
================================================================================
[2024-12-22T09:27:39.143+0000] {manager.py:889} INFO - 
================================================================================
DAG File Processing Stats

File Path                         PID  Runtime      # DAGs    # Errors  Last Runtime    Last Run
------------------------------  -----  ---------  --------  ----------  --------------  -------------------
/opt/airflow/dags/rickmorty.py    333  0.01s             1           0  0.18s           2024-12-22T09:27:09
================================================================================
[2024-12-22T09:28:09.420+0000] {manager.py:889} INFO - 
================================================================================
DAG File Processing Stats

File Path                         PID  Runtime      # DAGs    # Errors  Last Runtime    Last Run
------------------------------  -----  ---------  --------  ----------  --------------  -------------------
/opt/airflow/dags/rickmorty.py    341  0.01s             1           0  0.22s           2024-12-22T09:27:39
================================================================================
[2024-12-22T09:28:39.711+0000] {manager.py:889} INFO - 
================================================================================
DAG File Processing Stats

File Path                         PID  Runtime      # DAGs    # Errors  Last Runtime    Last Run
------------------------------  -----  ---------  --------  ----------  --------------  -------------------
/opt/airflow/dags/rickmorty.py    349  0.01s             1           0  0.18s           2024-12-22T09:28:09
================================================================================
[2024-12-22T09:29:09.890+0000] {manager.py:889} INFO - 
================================================================================
DAG File Processing Stats

File Path                         PID  Runtime      # DAGs    # Errors  Last Runtime    Last Run
------------------------------  -----  ---------  --------  ----------  --------------  -------------------
/opt/airflow/dags/rickmorty.py    357  0.01s             1           0  0.13s           2024-12-22T09:28:39
================================================================================
[2024-12-22T09:29:40.124+0000] {manager.py:889} INFO - 
================================================================================
DAG File Processing Stats

File Path                         PID  Runtime      # DAGs    # Errors  Last Runtime    Last Run
------------------------------  -----  ---------  --------  ----------  --------------  -------------------
/opt/airflow/dags/rickmorty.py    365  0.01s             1           0  0.13s           2024-12-22T09:29:10
================================================================================
[2024-12-22T09:30:10.306+0000] {manager.py:889} INFO - 
================================================================================
DAG File Processing Stats

File Path                         PID  Runtime      # DAGs    # Errors  Last Runtime    Last Run
------------------------------  -----  ---------  --------  ----------  --------------  -------------------
/opt/airflow/dags/rickmorty.py    373  0.01s             1           0  0.18s           2024-12-22T09:29:40
================================================================================
[2024-12-22T09:30:40.642+0000] {manager.py:889} INFO - 
================================================================================
DAG File Processing Stats

File Path                         PID  Runtime      # DAGs    # Errors  Last Runtime    Last Run
------------------------------  -----  ---------  --------  ----------  --------------  -------------------
/opt/airflow/dags/rickmorty.py    381  0.01s             1           0  0.16s           2024-12-22T09:30:10
================================================================================
[2024-12-22T09:31:00.835+0000] {manager.py:758} INFO - Searching for files in /opt/airflow/dags
[2024-12-22T09:31:00.837+0000] {manager.py:761} INFO - There are 1 files in /opt/airflow/dags
[2024-12-22T09:31:10.907+0000] {manager.py:889} INFO - 
================================================================================
DAG File Processing Stats

File Path                         PID  Runtime      # DAGs    # Errors  Last Runtime    Last Run
------------------------------  -----  ---------  --------  ----------  --------------  -------------------
/opt/airflow/dags/rickmorty.py    389  0.01s             1           0  0.15s           2024-12-22T09:30:40
================================================================================
[2024-12-22T09:31:41.088+0000] {manager.py:889} INFO - 
================================================================================
DAG File Processing Stats

File Path                         PID  Runtime      # DAGs    # Errors  Last Runtime    Last Run
------------------------------  -----  ---------  --------  ----------  --------------  -------------------
/opt/airflow/dags/rickmorty.py    397  0.01s             1           0  0.13s           2024-12-22T09:31:11
================================================================================
[2024-12-22T09:32:11.335+0000] {manager.py:889} INFO - 
================================================================================
DAG File Processing Stats

File Path                         PID  Runtime      # DAGs    # Errors  Last Runtime    Last Run
------------------------------  -----  ---------  --------  ----------  --------------  -------------------
/opt/airflow/dags/rickmorty.py    405  0.01s             1           0  0.16s           2024-12-22T09:31:41
================================================================================
[2024-12-22T09:32:41.519+0000] {manager.py:889} INFO - 
================================================================================
DAG File Processing Stats

File Path                         PID  Runtime      # DAGs    # Errors  Last Runtime    Last Run
------------------------------  -----  ---------  --------  ----------  --------------  -------------------
/opt/airflow/dags/rickmorty.py    412  0.01s             1           0  0.15s           2024-12-22T09:32:11
================================================================================
[2024-12-22T09:33:11.777+0000] {manager.py:889} INFO - 
================================================================================
DAG File Processing Stats

File Path                         PID  Runtime      # DAGs    # Errors  Last Runtime    Last Run
------------------------------  -----  ---------  --------  ----------  --------------  -------------------
/opt/airflow/dags/rickmorty.py    420  0.01s             1           0  0.21s           2024-12-22T09:32:41
================================================================================
[2024-12-22T09:33:42.025+0000] {manager.py:889} INFO - 
================================================================================
DAG File Processing Stats

File Path                         PID  Runtime      # DAGs    # Errors  Last Runtime    Last Run
------------------------------  -----  ---------  --------  ----------  --------------  -------------------
/opt/airflow/dags/rickmorty.py    428  0.01s             1           0  0.18s           2024-12-22T09:33:11
================================================================================
[2024-12-22T09:34:12.248+0000] {manager.py:889} INFO - 
================================================================================
DAG File Processing Stats

File Path                         PID  Runtime      # DAGs    # Errors  Last Runtime    Last Run
------------------------------  -----  ---------  --------  ----------  --------------  -------------------
/opt/airflow/dags/rickmorty.py    436  0.01s             1           0  0.16s           2024-12-22T09:33:42
================================================================================
[2024-12-22T09:34:42.526+0000] {manager.py:889} INFO - 
================================================================================
DAG File Processing Stats

File Path                         PID  Runtime      # DAGs    # Errors  Last Runtime    Last Run
------------------------------  -----  ---------  --------  ----------  --------------  -------------------
/opt/airflow/dags/rickmorty.py    443  0.01s             1           0  0.22s           2024-12-22T09:34:12
================================================================================
[2024-12-22T09:35:12.767+0000] {manager.py:889} INFO - 
================================================================================
DAG File Processing Stats

File Path                         PID  Runtime      # DAGs    # Errors  Last Runtime    Last Run
------------------------------  -----  ---------  --------  ----------  --------------  -------------------
/opt/airflow/dags/rickmorty.py    451  0.01s             1           0  0.16s           2024-12-22T09:34:42
================================================================================
[2024-12-22T09:35:42.976+0000] {manager.py:889} INFO - 
================================================================================
DAG File Processing Stats

File Path                         PID  Runtime      # DAGs    # Errors  Last Runtime    Last Run
------------------------------  -----  ---------  --------  ----------  --------------  -------------------
/opt/airflow/dags/rickmorty.py    459  0.01s             1           0  0.18s           2024-12-22T09:35:12
================================================================================
[2024-12-22T09:36:01.166+0000] {manager.py:758} INFO - Searching for files in /opt/airflow/dags
[2024-12-22T09:36:01.167+0000] {manager.py:761} INFO - There are 1 files in /opt/airflow/dags
[2024-12-22T09:36:13.242+0000] {manager.py:889} INFO - 
================================================================================
DAG File Processing Stats

File Path                         PID  Runtime      # DAGs    # Errors  Last Runtime    Last Run
------------------------------  -----  ---------  --------  ----------  --------------  -------------------
/opt/airflow/dags/rickmorty.py    467  0.01s             1           0  0.15s           2024-12-22T09:35:43
================================================================================
[2024-12-22T09:36:43.477+0000] {manager.py:889} INFO - 
================================================================================
DAG File Processing Stats

File Path                         PID  Runtime      # DAGs    # Errors  Last Runtime    Last Run
------------------------------  -----  ---------  --------  ----------  --------------  -------------------
/opt/airflow/dags/rickmorty.py    475  0.01s             1           0  0.16s           2024-12-22T09:36:13
================================================================================
[2024-12-22T09:37:13.717+0000] {manager.py:889} INFO - 
================================================================================
DAG File Processing Stats

File Path                         PID  Runtime      # DAGs    # Errors  Last Runtime    Last Run
------------------------------  -----  ---------  --------  ----------  --------------  -------------------
/opt/airflow/dags/rickmorty.py    482  0.01s             1           0  0.16s           2024-12-22T09:36:43
================================================================================
[2024-12-22T09:37:43.921+0000] {manager.py:889} INFO - 
================================================================================
DAG File Processing Stats

File Path                         PID  Runtime      # DAGs    # Errors  Last Runtime    Last Run
------------------------------  -----  ---------  --------  ----------  --------------  -------------------
/opt/airflow/dags/rickmorty.py    490  0.01s             1           0  0.20s           2024-12-22T09:37:13
================================================================================
[2024-12-22T09:38:14.224+0000] {manager.py:889} INFO - 
================================================================================
DAG File Processing Stats

File Path                         PID  Runtime      # DAGs    # Errors  Last Runtime    Last Run
------------------------------  -----  ---------  --------  ----------  --------------  -------------------
/opt/airflow/dags/rickmorty.py    498  0.01s             1           0  0.17s           2024-12-22T09:37:44
================================================================================
[2024-12-22T09:38:44.425+0000] {manager.py:889} INFO - 
================================================================================
DAG File Processing Stats

File Path                         PID  Runtime      # DAGs    # Errors  Last Runtime    Last Run
------------------------------  -----  ---------  --------  ----------  --------------  -------------------
/opt/airflow/dags/rickmorty.py    506  0.01s             1           0  0.16s           2024-12-22T09:38:14
================================================================================
[2024-12-22T09:39:14.646+0000] {manager.py:889} INFO - 
================================================================================
DAG File Processing Stats

File Path                         PID  Runtime      # DAGs    # Errors  Last Runtime    Last Run
------------------------------  -----  ---------  --------  ----------  --------------  -------------------
/opt/airflow/dags/rickmorty.py    514  0.01s             1           0  0.14s           2024-12-22T09:38:44
================================================================================
[2024-12-22T09:39:44.860+0000] {manager.py:889} INFO - 
================================================================================
DAG File Processing Stats

File Path                         PID  Runtime      # DAGs    # Errors  Last Runtime    Last Run
------------------------------  -----  ---------  --------  ----------  --------------  -------------------
/opt/airflow/dags/rickmorty.py    521  0.01s             1           0  0.20s           2024-12-22T09:39:14
================================================================================
[2024-12-22T09:40:15.140+0000] {manager.py:889} INFO - 
================================================================================
DAG File Processing Stats

File Path                         PID  Runtime      # DAGs    # Errors  Last Runtime    Last Run
------------------------------  -----  ---------  --------  ----------  --------------  -------------------
/opt/airflow/dags/rickmorty.py    529  0.01s             1           0  0.20s           2024-12-22T09:39:45
================================================================================
[2024-12-22T09:40:45.344+0000] {manager.py:889} INFO - 
================================================================================
DAG File Processing Stats

File Path                         PID  Runtime      # DAGs    # Errors  Last Runtime    Last Run
------------------------------  -----  ---------  --------  ----------  --------------  -------------------
/opt/airflow/dags/rickmorty.py    536  0.01s             1           0  0.15s           2024-12-22T09:40:15
================================================================================
[2024-12-22T09:41:01.497+0000] {manager.py:758} INFO - Searching for files in /opt/airflow/dags
[2024-12-22T09:41:01.498+0000] {manager.py:761} INFO - There are 1 files in /opt/airflow/dags
[2024-12-22T09:41:15.598+0000] {manager.py:889} INFO - 
================================================================================
DAG File Processing Stats

File Path                         PID  Runtime      # DAGs    # Errors  Last Runtime    Last Run
------------------------------  -----  ---------  --------  ----------  --------------  -------------------
/opt/airflow/dags/rickmorty.py    544  0.01s             1           0  0.17s           2024-12-22T09:40:45
================================================================================
[2024-12-22T09:41:45.828+0000] {manager.py:889} INFO - 
================================================================================
DAG File Processing Stats

File Path                         PID  Runtime      # DAGs    # Errors  Last Runtime    Last Run
------------------------------  -----  ---------  --------  ----------  --------------  -------------------
/opt/airflow/dags/rickmorty.py    553  0.01s             1           0  0.15s           2024-12-22T09:41:15
================================================================================
[2024-12-22T09:42:16.052+0000] {manager.py:889} INFO - 
================================================================================
DAG File Processing Stats

File Path                         PID  Runtime      # DAGs    # Errors  Last Runtime    Last Run
------------------------------  -----  ---------  --------  ----------  --------------  -------------------
/opt/airflow/dags/rickmorty.py    561  0.01s             1           0  0.15s           2024-12-22T09:41:45
================================================================================
[2024-12-22T09:42:46.263+0000] {manager.py:889} INFO - 
================================================================================
DAG File Processing Stats

File Path                         PID  Runtime      # DAGs    # Errors  Last Runtime    Last Run
------------------------------  -----  ---------  --------  ----------  --------------  -------------------
/opt/airflow/dags/rickmorty.py    569  0.01s             1           0  0.21s           2024-12-22T09:42:16
================================================================================
[2024-12-22T09:43:16.519+0000] {manager.py:889} INFO - 
================================================================================
DAG File Processing Stats

File Path                         PID  Runtime      # DAGs    # Errors  Last Runtime    Last Run
------------------------------  -----  ---------  --------  ----------  --------------  -------------------
/opt/airflow/dags/rickmorty.py    576  0.01s             1           0  0.13s           2024-12-22T09:42:46
================================================================================
[2024-12-22T09:43:46.687+0000] {manager.py:889} INFO - 
================================================================================
DAG File Processing Stats

File Path                         PID  Runtime      # DAGs    # Errors  Last Runtime    Last Run
------------------------------  -----  ---------  --------  ----------  --------------  -------------------
/opt/airflow/dags/rickmorty.py    584  0.01s             1           0  0.13s           2024-12-22T09:43:16
================================================================================
[2024-12-22T09:44:16.936+0000] {manager.py:889} INFO - 
================================================================================
DAG File Processing Stats

File Path                         PID  Runtime      # DAGs    # Errors  Last Runtime    Last Run
------------------------------  -----  ---------  --------  ----------  --------------  -------------------
/opt/airflow/dags/rickmorty.py    592  0.01s             1           0  0.14s           2024-12-22T09:43:46
================================================================================
[2024-12-22T09:44:47.325+0000] {manager.py:889} INFO - 
================================================================================
DAG File Processing Stats

File Path                         PID  Runtime      # DAGs    # Errors  Last Runtime    Last Run
------------------------------  -----  ---------  --------  ----------  --------------  -------------------
/opt/airflow/dags/rickmorty.py    600  0.02s             1           0  0.14s           2024-12-22T09:44:17
================================================================================
[2024-12-22T09:45:17.530+0000] {manager.py:889} INFO - 
================================================================================
DAG File Processing Stats

File Path                         PID  Runtime      # DAGs    # Errors  Last Runtime    Last Run
------------------------------  -----  ---------  --------  ----------  --------------  -------------------
/opt/airflow/dags/rickmorty.py    608  0.01s             1           0  0.19s           2024-12-22T09:44:47
================================================================================
[2024-12-22T09:45:47.835+0000] {manager.py:889} INFO - 
================================================================================
DAG File Processing Stats

File Path                         PID  Runtime      # DAGs    # Errors  Last Runtime    Last Run
------------------------------  -----  ---------  --------  ----------  --------------  -------------------
/opt/airflow/dags/rickmorty.py    616  0.01s             1           0  0.20s           2024-12-22T09:45:17
================================================================================
[2024-12-22T09:46:02.032+0000] {manager.py:758} INFO - Searching for files in /opt/airflow/dags
[2024-12-22T09:46:02.034+0000] {manager.py:761} INFO - There are 1 files in /opt/airflow/dags
[2024-12-22T09:46:18.136+0000] {manager.py:889} INFO - 
================================================================================
DAG File Processing Stats

File Path                         PID  Runtime      # DAGs    # Errors  Last Runtime    Last Run
------------------------------  -----  ---------  --------  ----------  --------------  -------------------
/opt/airflow/dags/rickmorty.py    625  0.01s             1           0  0.14s           2024-12-22T09:45:47
================================================================================
[2024-12-22T09:46:48.331+0000] {manager.py:889} INFO - 
================================================================================
DAG File Processing Stats

File Path                         PID  Runtime      # DAGs    # Errors  Last Runtime    Last Run
------------------------------  -----  ---------  --------  ----------  --------------  -------------------
/opt/airflow/dags/rickmorty.py    632  0.01s             1           0  0.14s           2024-12-22T09:46:18
================================================================================
[2024-12-22T09:47:18.594+0000] {manager.py:889} INFO - 
================================================================================
DAG File Processing Stats

File Path                         PID  Runtime      # DAGs    # Errors  Last Runtime    Last Run
------------------------------  -----  ---------  --------  ----------  --------------  -------------------
/opt/airflow/dags/rickmorty.py    640  0.02s             1           0  0.14s           2024-12-22T09:46:48
================================================================================
[2024-12-22T09:47:48.789+0000] {manager.py:889} INFO - 
================================================================================
DAG File Processing Stats

File Path                         PID  Runtime      # DAGs    # Errors  Last Runtime    Last Run
------------------------------  -----  ---------  --------  ----------  --------------  -------------------
/opt/airflow/dags/rickmorty.py    648  0.01s             1           0  0.16s           2024-12-22T09:47:18
================================================================================
[2024-12-22T09:48:19.061+0000] {manager.py:889} INFO - 
================================================================================
DAG File Processing Stats

File Path                         PID  Runtime      # DAGs    # Errors  Last Runtime    Last Run
------------------------------  -----  ---------  --------  ----------  --------------  -------------------
/opt/airflow/dags/rickmorty.py    656  0.01s             1           0  0.16s           2024-12-22T09:47:48
================================================================================
[2024-12-22T09:48:49.241+0000] {manager.py:889} INFO - 
================================================================================
DAG File Processing Stats

File Path                         PID  Runtime      # DAGs    # Errors  Last Runtime    Last Run
------------------------------  -----  ---------  --------  ----------  --------------  -------------------
/opt/airflow/dags/rickmorty.py    664  0.01s             1           0  0.15s           2024-12-22T09:48:19
================================================================================
[2024-12-22T09:49:19.492+0000] {manager.py:889} INFO - 
================================================================================
DAG File Processing Stats

File Path                         PID  Runtime      # DAGs    # Errors  Last Runtime    Last Run
------------------------------  -----  ---------  --------  ----------  --------------  -------------------
/opt/airflow/dags/rickmorty.py    672  0.01s             1           0  0.15s           2024-12-22T09:48:49
================================================================================
[2024-12-22T09:49:49.689+0000] {manager.py:889} INFO - 
================================================================================
DAG File Processing Stats

File Path                       PID    Runtime      # DAGs    # Errors  Last Runtime    Last Run
------------------------------  -----  ---------  --------  ----------  --------------  -------------------
/opt/airflow/dags/rickmorty.py                           1           0  0.22s           2024-12-22T09:49:19
================================================================================
[2024-12-22T09:50:19.985+0000] {manager.py:889} INFO - 
================================================================================
DAG File Processing Stats

File Path                       PID    Runtime      # DAGs    # Errors  Last Runtime    Last Run
------------------------------  -----  ---------  --------  ----------  --------------  -------------------
/opt/airflow/dags/rickmorty.py                           1           0  0.20s           2024-12-22T09:49:50
================================================================================
[2024-12-22T09:50:50.375+0000] {manager.py:889} INFO - 
================================================================================
DAG File Processing Stats

File Path                         PID  Runtime      # DAGs    # Errors  Last Runtime    Last Run
------------------------------  -----  ---------  --------  ----------  --------------  -------------------
/opt/airflow/dags/rickmorty.py    695  0.01s             1           0  0.14s           2024-12-22T09:50:20
================================================================================
[2024-12-22T09:51:02.537+0000] {manager.py:758} INFO - Searching for files in /opt/airflow/dags
[2024-12-22T09:51:02.538+0000] {manager.py:761} INFO - There are 1 files in /opt/airflow/dags
[2024-12-22T09:51:20.666+0000] {manager.py:889} INFO - 
================================================================================
DAG File Processing Stats

File Path                         PID  Runtime      # DAGs    # Errors  Last Runtime    Last Run
------------------------------  -----  ---------  --------  ----------  --------------  -------------------
/opt/airflow/dags/rickmorty.py    703  0.01s             1           0  0.17s           2024-12-22T09:50:50
================================================================================
[2024-12-22T09:51:50.857+0000] {manager.py:889} INFO - 
================================================================================
DAG File Processing Stats

File Path                       PID    Runtime      # DAGs    # Errors  Last Runtime    Last Run
------------------------------  -----  ---------  --------  ----------  --------------  -------------------
/opt/airflow/dags/rickmorty.py                           1           0  0.22s           2024-12-22T09:51:20
================================================================================
[2024-12-22T09:52:21.164+0000] {manager.py:889} INFO - 
================================================================================
DAG File Processing Stats

File Path                       PID    Runtime      # DAGs    # Errors  Last Runtime    Last Run
------------------------------  -----  ---------  --------  ----------  --------------  -------------------
/opt/airflow/dags/rickmorty.py                           1           0  0.20s           2024-12-22T09:51:51
================================================================================
[2024-12-22T09:52:51.511+0000] {manager.py:889} INFO - 
================================================================================
DAG File Processing Stats

File Path                         PID  Runtime      # DAGs    # Errors  Last Runtime    Last Run
------------------------------  -----  ---------  --------  ----------  --------------  -------------------
/opt/airflow/dags/rickmorty.py    727  0.01s             1           0  0.14s           2024-12-22T09:52:21
================================================================================
[2024-12-22T09:53:21.818+0000] {manager.py:889} INFO - 
================================================================================
DAG File Processing Stats

File Path                         PID  Runtime      # DAGs    # Errors  Last Runtime    Last Run
------------------------------  -----  ---------  --------  ----------  --------------  -------------------
/opt/airflow/dags/rickmorty.py    735  0.01s             1           0  0.19s           2024-12-22T09:52:51
================================================================================
[2024-12-22T09:53:52.003+0000] {manager.py:889} INFO - 
================================================================================
DAG File Processing Stats

File Path                         PID  Runtime      # DAGs    # Errors  Last Runtime    Last Run
------------------------------  -----  ---------  --------  ----------  --------------  -------------------
/opt/airflow/dags/rickmorty.py    743  0.01s             1           0  0.13s           2024-12-22T09:53:21
================================================================================
