[2024-12-22T06:23:25.974+0000] {taskinstance.py:1103} INFO - Dependencies all met for dep_context=non-requeueable deps ti=<TaskInstance: rickmorty.fetch_data manual__2024-12-22T06:23:22.086341+00:00 [queued]>
[2024-12-22T06:23:26.003+0000] {taskinstance.py:1103} INFO - Dependencies all met for dep_context=requeueable deps ti=<TaskInstance: rickmorty.fetch_data manual__2024-12-22T06:23:22.086341+00:00 [queued]>
[2024-12-22T06:23:26.003+0000] {taskinstance.py:1308} INFO - Starting attempt 1 of 6
[2024-12-22T06:23:26.026+0000] {taskinstance.py:1327} INFO - Executing <Task(PythonOperator): fetch_data> on 2024-12-22 06:23:22.086341+00:00
[2024-12-22T06:23:26.037+0000] {standard_task_runner.py:57} INFO - Started process 293 to run task
[2024-12-22T06:23:26.043+0000] {standard_task_runner.py:84} INFO - Running: ['***', 'tasks', 'run', 'rickmorty', 'fetch_data', 'manual__2024-12-22T06:23:22.086341+00:00', '--job-id', '6', '--raw', '--subdir', 'DAGS_FOLDER/rickmorty.py', '--cfg-path', '/tmp/tmp14r2ssvs']
[2024-12-22T06:23:26.048+0000] {standard_task_runner.py:85} INFO - Job 6: Subtask fetch_data
[2024-12-22T06:23:26.104+0000] {task_command.py:410} INFO - Running <TaskInstance: rickmorty.fetch_data manual__2024-12-22T06:23:22.086341+00:00 [running]> on host 29641d3c11d3
[2024-12-22T06:23:26.482+0000] {taskinstance.py:1547} INFO - Exporting env vars: AIRFLOW_CTX_DAG_OWNER='***' AIRFLOW_CTX_DAG_ID='rickmorty' AIRFLOW_CTX_TASK_ID='fetch_data' AIRFLOW_CTX_EXECUTION_DATE='2024-12-22T06:23:22.086341+00:00' AIRFLOW_CTX_TRY_NUMBER='1' AIRFLOW_CTX_DAG_RUN_ID='manual__2024-12-22T06:23:22.086341+00:00'
[2024-12-22T06:23:26.745+0000] {python.py:183} INFO - Done. Returned value was:       id                       name  ...              dimension  created_at
0      1              Earth (C-137)  ...        Dimension C-137  2017-11-10
1      2                   Abadango  ...                unknown  2017-11-10
2      3           Citadel of Ricks  ...                unknown  2017-11-10
3      4          Worldender's lair  ...                unknown  2017-11-10
4      5               Anatomy Park  ...        Dimension C-137  2017-11-10
..   ...                        ...  ...                    ...         ...
121  122               Avian Planet  ...  Replacement Dimension  2021-10-26
122  123  Normal Size Bug Dimension  ...                         2021-11-02
123  124                 Slartivart  ...  Replacement Dimension  2021-11-02
124  125  Rick and Two Crows Planet  ...  Replacement Dimension  2021-11-02
125  126            Rick's Memories  ...                         2021-11-02

[126 rows x 5 columns]
[2024-12-22T06:23:26.877+0000] {taskinstance.py:1350} INFO - Marking task as SUCCESS. dag_id=rickmorty, task_id=fetch_data, execution_date=20241222T062322, start_date=20241222T062325, end_date=20241222T062326
[2024-12-22T06:23:26.945+0000] {local_task_job_runner.py:225} INFO - Task exited with return code 0
[2024-12-22T06:23:26.967+0000] {taskinstance.py:2653} INFO - 0 downstream tasks scheduled from follow-on schedule check
