[2024-12-22T09:10:59.435+0000] {processor.py:157} INFO - Started process (PID=73) to work on /opt/airflow/dags/rickmorty.py
[2024-12-22T09:10:59.440+0000] {processor.py:826} INFO - Processing file /opt/airflow/dags/rickmorty.py for tasks to queue
[2024-12-22T09:10:59.442+0000] {logging_mixin.py:150} INFO - [2024-12-22T09:10:59.442+0000] {dagbag.py:541} INFO - Filling up the DagBag from /opt/airflow/dags/rickmorty.py
[2024-12-22T09:10:59.535+0000] {processor.py:836} INFO - DAG(s) dict_keys(['rickmorty']) retrieved from /opt/airflow/dags/rickmorty.py
[2024-12-22T09:10:59.572+0000] {logging_mixin.py:150} INFO - [2024-12-22T09:10:59.571+0000] {dag.py:2742} INFO - Sync 1 DAGs
[2024-12-22T09:10:59.684+0000] {logging_mixin.py:150} INFO - [2024-12-22T09:10:59.684+0000] {dag.py:3508} INFO - Setting next_dagrun for rickmorty to 2024-12-22T00:00:00+00:00, run_after=2024-12-23T00:00:00+00:00
[2024-12-22T09:10:59.745+0000] {processor.py:179} INFO - Processing /opt/airflow/dags/rickmorty.py took 0.325 seconds
[2024-12-22T09:11:29.976+0000] {processor.py:157} INFO - Started process (PID=81) to work on /opt/airflow/dags/rickmorty.py
[2024-12-22T09:11:29.978+0000] {processor.py:826} INFO - Processing file /opt/airflow/dags/rickmorty.py for tasks to queue
[2024-12-22T09:11:29.979+0000] {logging_mixin.py:150} INFO - [2024-12-22T09:11:29.978+0000] {dagbag.py:541} INFO - Filling up the DagBag from /opt/airflow/dags/rickmorty.py
[2024-12-22T09:11:30.001+0000] {processor.py:836} INFO - DAG(s) dict_keys(['rickmorty']) retrieved from /opt/airflow/dags/rickmorty.py
[2024-12-22T09:11:30.083+0000] {logging_mixin.py:150} INFO - [2024-12-22T09:11:30.082+0000] {dag.py:2742} INFO - Sync 1 DAGs
[2024-12-22T09:11:30.192+0000] {logging_mixin.py:150} INFO - [2024-12-22T09:11:30.192+0000] {dag.py:3508} INFO - Setting next_dagrun for rickmorty to 2024-12-22T00:00:00+00:00, run_after=2024-12-23T00:00:00+00:00
[2024-12-22T09:11:30.285+0000] {processor.py:179} INFO - Processing /opt/airflow/dags/rickmorty.py took 0.315 seconds
[2024-12-22T09:12:00.474+0000] {processor.py:157} INFO - Started process (PID=89) to work on /opt/airflow/dags/rickmorty.py
[2024-12-22T09:12:00.477+0000] {processor.py:826} INFO - Processing file /opt/airflow/dags/rickmorty.py for tasks to queue
[2024-12-22T09:12:00.479+0000] {logging_mixin.py:150} INFO - [2024-12-22T09:12:00.478+0000] {dagbag.py:541} INFO - Filling up the DagBag from /opt/airflow/dags/rickmorty.py
[2024-12-22T09:12:00.505+0000] {processor.py:836} INFO - DAG(s) dict_keys(['rickmorty']) retrieved from /opt/airflow/dags/rickmorty.py
[2024-12-22T09:12:00.555+0000] {logging_mixin.py:150} INFO - [2024-12-22T09:12:00.555+0000] {dag.py:2742} INFO - Sync 1 DAGs
[2024-12-22T09:12:00.613+0000] {logging_mixin.py:150} INFO - [2024-12-22T09:12:00.613+0000] {dag.py:3508} INFO - Setting next_dagrun for rickmorty to 2024-12-22T00:00:00+00:00, run_after=2024-12-23T00:00:00+00:00
[2024-12-22T09:12:00.645+0000] {processor.py:179} INFO - Processing /opt/airflow/dags/rickmorty.py took 0.176 seconds
[2024-12-22T09:12:30.826+0000] {processor.py:157} INFO - Started process (PID=97) to work on /opt/airflow/dags/rickmorty.py
[2024-12-22T09:12:30.827+0000] {processor.py:826} INFO - Processing file /opt/airflow/dags/rickmorty.py for tasks to queue
[2024-12-22T09:12:30.828+0000] {logging_mixin.py:150} INFO - [2024-12-22T09:12:30.828+0000] {dagbag.py:541} INFO - Filling up the DagBag from /opt/airflow/dags/rickmorty.py
[2024-12-22T09:12:30.848+0000] {processor.py:836} INFO - DAG(s) dict_keys(['rickmorty']) retrieved from /opt/airflow/dags/rickmorty.py
[2024-12-22T09:12:30.891+0000] {logging_mixin.py:150} INFO - [2024-12-22T09:12:30.891+0000] {dag.py:2742} INFO - Sync 1 DAGs
[2024-12-22T09:12:30.946+0000] {logging_mixin.py:150} INFO - [2024-12-22T09:12:30.946+0000] {dag.py:3508} INFO - Setting next_dagrun for rickmorty to 2024-12-22T00:00:00+00:00, run_after=2024-12-23T00:00:00+00:00
[2024-12-22T09:12:30.980+0000] {processor.py:179} INFO - Processing /opt/airflow/dags/rickmorty.py took 0.160 seconds
[2024-12-22T09:13:01.163+0000] {processor.py:157} INFO - Started process (PID=105) to work on /opt/airflow/dags/rickmorty.py
[2024-12-22T09:13:01.164+0000] {processor.py:826} INFO - Processing file /opt/airflow/dags/rickmorty.py for tasks to queue
[2024-12-22T09:13:01.165+0000] {logging_mixin.py:150} INFO - [2024-12-22T09:13:01.165+0000] {dagbag.py:541} INFO - Filling up the DagBag from /opt/airflow/dags/rickmorty.py
[2024-12-22T09:13:01.190+0000] {processor.py:836} INFO - DAG(s) dict_keys(['rickmorty']) retrieved from /opt/airflow/dags/rickmorty.py
[2024-12-22T09:13:01.238+0000] {logging_mixin.py:150} INFO - [2024-12-22T09:13:01.238+0000] {dag.py:2742} INFO - Sync 1 DAGs
[2024-12-22T09:13:01.295+0000] {logging_mixin.py:150} INFO - [2024-12-22T09:13:01.295+0000] {dag.py:3508} INFO - Setting next_dagrun for rickmorty to 2024-12-22T00:00:00+00:00, run_after=2024-12-23T00:00:00+00:00
[2024-12-22T09:13:01.343+0000] {processor.py:179} INFO - Processing /opt/airflow/dags/rickmorty.py took 0.185 seconds
[2024-12-22T09:13:31.501+0000] {processor.py:157} INFO - Started process (PID=113) to work on /opt/airflow/dags/rickmorty.py
[2024-12-22T09:13:31.503+0000] {processor.py:826} INFO - Processing file /opt/airflow/dags/rickmorty.py for tasks to queue
[2024-12-22T09:13:31.504+0000] {logging_mixin.py:150} INFO - [2024-12-22T09:13:31.503+0000] {dagbag.py:541} INFO - Filling up the DagBag from /opt/airflow/dags/rickmorty.py
[2024-12-22T09:13:31.530+0000] {processor.py:836} INFO - DAG(s) dict_keys(['rickmorty']) retrieved from /opt/airflow/dags/rickmorty.py
[2024-12-22T09:13:31.579+0000] {logging_mixin.py:150} INFO - [2024-12-22T09:13:31.579+0000] {dag.py:2742} INFO - Sync 1 DAGs
[2024-12-22T09:13:31.623+0000] {logging_mixin.py:150} INFO - [2024-12-22T09:13:31.623+0000] {dag.py:3508} INFO - Setting next_dagrun for rickmorty to 2024-12-22T00:00:00+00:00, run_after=2024-12-23T00:00:00+00:00
[2024-12-22T09:13:31.654+0000] {processor.py:179} INFO - Processing /opt/airflow/dags/rickmorty.py took 0.158 seconds
[2024-12-22T09:14:01.811+0000] {processor.py:157} INFO - Started process (PID=121) to work on /opt/airflow/dags/rickmorty.py
[2024-12-22T09:14:01.813+0000] {processor.py:826} INFO - Processing file /opt/airflow/dags/rickmorty.py for tasks to queue
[2024-12-22T09:14:01.813+0000] {logging_mixin.py:150} INFO - [2024-12-22T09:14:01.813+0000] {dagbag.py:541} INFO - Filling up the DagBag from /opt/airflow/dags/rickmorty.py
[2024-12-22T09:14:01.829+0000] {processor.py:836} INFO - DAG(s) dict_keys(['rickmorty']) retrieved from /opt/airflow/dags/rickmorty.py
[2024-12-22T09:14:01.865+0000] {logging_mixin.py:150} INFO - [2024-12-22T09:14:01.865+0000] {dag.py:2742} INFO - Sync 1 DAGs
[2024-12-22T09:14:01.900+0000] {logging_mixin.py:150} INFO - [2024-12-22T09:14:01.899+0000] {dag.py:3508} INFO - Setting next_dagrun for rickmorty to 2024-12-22T00:00:00+00:00, run_after=2024-12-23T00:00:00+00:00
[2024-12-22T09:14:01.925+0000] {processor.py:179} INFO - Processing /opt/airflow/dags/rickmorty.py took 0.119 seconds
[2024-12-22T09:14:31.971+0000] {processor.py:157} INFO - Started process (PID=129) to work on /opt/airflow/dags/rickmorty.py
[2024-12-22T09:14:31.972+0000] {processor.py:826} INFO - Processing file /opt/airflow/dags/rickmorty.py for tasks to queue
[2024-12-22T09:14:31.973+0000] {logging_mixin.py:150} INFO - [2024-12-22T09:14:31.972+0000] {dagbag.py:541} INFO - Filling up the DagBag from /opt/airflow/dags/rickmorty.py
[2024-12-22T09:14:31.989+0000] {processor.py:836} INFO - DAG(s) dict_keys(['rickmorty']) retrieved from /opt/airflow/dags/rickmorty.py
[2024-12-22T09:14:32.028+0000] {logging_mixin.py:150} INFO - [2024-12-22T09:14:32.027+0000] {dag.py:2742} INFO - Sync 1 DAGs
[2024-12-22T09:14:32.071+0000] {logging_mixin.py:150} INFO - [2024-12-22T09:14:32.070+0000] {dag.py:3508} INFO - Setting next_dagrun for rickmorty to 2024-12-22T00:00:00+00:00, run_after=2024-12-23T00:00:00+00:00
[2024-12-22T09:14:32.098+0000] {processor.py:179} INFO - Processing /opt/airflow/dags/rickmorty.py took 0.132 seconds
[2024-12-22T09:15:02.256+0000] {processor.py:157} INFO - Started process (PID=137) to work on /opt/airflow/dags/rickmorty.py
[2024-12-22T09:15:02.258+0000] {processor.py:826} INFO - Processing file /opt/airflow/dags/rickmorty.py for tasks to queue
[2024-12-22T09:15:02.259+0000] {logging_mixin.py:150} INFO - [2024-12-22T09:15:02.259+0000] {dagbag.py:541} INFO - Filling up the DagBag from /opt/airflow/dags/rickmorty.py
[2024-12-22T09:15:02.276+0000] {processor.py:836} INFO - DAG(s) dict_keys(['rickmorty']) retrieved from /opt/airflow/dags/rickmorty.py
[2024-12-22T09:15:02.317+0000] {logging_mixin.py:150} INFO - [2024-12-22T09:15:02.316+0000] {dag.py:2742} INFO - Sync 1 DAGs
[2024-12-22T09:15:02.383+0000] {logging_mixin.py:150} INFO - [2024-12-22T09:15:02.383+0000] {dag.py:3508} INFO - Setting next_dagrun for rickmorty to 2024-12-22T00:00:00+00:00, run_after=2024-12-23T00:00:00+00:00
[2024-12-22T09:15:02.432+0000] {processor.py:179} INFO - Processing /opt/airflow/dags/rickmorty.py took 0.182 seconds
[2024-12-22T09:15:32.612+0000] {processor.py:157} INFO - Started process (PID=145) to work on /opt/airflow/dags/rickmorty.py
[2024-12-22T09:15:32.614+0000] {processor.py:826} INFO - Processing file /opt/airflow/dags/rickmorty.py for tasks to queue
[2024-12-22T09:15:32.615+0000] {logging_mixin.py:150} INFO - [2024-12-22T09:15:32.615+0000] {dagbag.py:541} INFO - Filling up the DagBag from /opt/airflow/dags/rickmorty.py
[2024-12-22T09:15:32.644+0000] {processor.py:836} INFO - DAG(s) dict_keys(['rickmorty']) retrieved from /opt/airflow/dags/rickmorty.py
[2024-12-22T09:15:32.728+0000] {logging_mixin.py:150} INFO - [2024-12-22T09:15:32.728+0000] {dag.py:2742} INFO - Sync 1 DAGs
[2024-12-22T09:15:32.783+0000] {logging_mixin.py:150} INFO - [2024-12-22T09:15:32.783+0000] {dag.py:3508} INFO - Setting next_dagrun for rickmorty to 2024-12-22T00:00:00+00:00, run_after=2024-12-23T00:00:00+00:00
[2024-12-22T09:15:32.807+0000] {processor.py:179} INFO - Processing /opt/airflow/dags/rickmorty.py took 0.203 seconds
[2024-12-22T09:16:02.991+0000] {processor.py:157} INFO - Started process (PID=153) to work on /opt/airflow/dags/rickmorty.py
[2024-12-22T09:16:02.993+0000] {processor.py:826} INFO - Processing file /opt/airflow/dags/rickmorty.py for tasks to queue
[2024-12-22T09:16:02.993+0000] {logging_mixin.py:150} INFO - [2024-12-22T09:16:02.993+0000] {dagbag.py:541} INFO - Filling up the DagBag from /opt/airflow/dags/rickmorty.py
[2024-12-22T09:16:03.013+0000] {processor.py:836} INFO - DAG(s) dict_keys(['rickmorty']) retrieved from /opt/airflow/dags/rickmorty.py
[2024-12-22T09:16:03.059+0000] {logging_mixin.py:150} INFO - [2024-12-22T09:16:03.059+0000] {dag.py:2742} INFO - Sync 1 DAGs
[2024-12-22T09:16:03.103+0000] {logging_mixin.py:150} INFO - [2024-12-22T09:16:03.102+0000] {dag.py:3508} INFO - Setting next_dagrun for rickmorty to 2024-12-22T00:00:00+00:00, run_after=2024-12-23T00:00:00+00:00
[2024-12-22T09:16:03.134+0000] {processor.py:179} INFO - Processing /opt/airflow/dags/rickmorty.py took 0.148 seconds
[2024-12-22T09:16:33.307+0000] {processor.py:157} INFO - Started process (PID=161) to work on /opt/airflow/dags/rickmorty.py
[2024-12-22T09:16:33.308+0000] {processor.py:826} INFO - Processing file /opt/airflow/dags/rickmorty.py for tasks to queue
[2024-12-22T09:16:33.309+0000] {logging_mixin.py:150} INFO - [2024-12-22T09:16:33.309+0000] {dagbag.py:541} INFO - Filling up the DagBag from /opt/airflow/dags/rickmorty.py
[2024-12-22T09:16:33.327+0000] {processor.py:836} INFO - DAG(s) dict_keys(['rickmorty']) retrieved from /opt/airflow/dags/rickmorty.py
[2024-12-22T09:16:33.362+0000] {logging_mixin.py:150} INFO - [2024-12-22T09:16:33.362+0000] {dag.py:2742} INFO - Sync 1 DAGs
[2024-12-22T09:16:33.401+0000] {logging_mixin.py:150} INFO - [2024-12-22T09:16:33.401+0000] {dag.py:3508} INFO - Setting next_dagrun for rickmorty to 2024-12-22T00:00:00+00:00, run_after=2024-12-23T00:00:00+00:00
[2024-12-22T09:16:33.426+0000] {processor.py:179} INFO - Processing /opt/airflow/dags/rickmorty.py took 0.126 seconds
[2024-12-22T09:17:03.477+0000] {processor.py:157} INFO - Started process (PID=168) to work on /opt/airflow/dags/rickmorty.py
[2024-12-22T09:17:03.480+0000] {processor.py:826} INFO - Processing file /opt/airflow/dags/rickmorty.py for tasks to queue
[2024-12-22T09:17:03.482+0000] {logging_mixin.py:150} INFO - [2024-12-22T09:17:03.481+0000] {dagbag.py:541} INFO - Filling up the DagBag from /opt/airflow/dags/rickmorty.py
[2024-12-22T09:17:03.504+0000] {processor.py:836} INFO - DAG(s) dict_keys(['rickmorty']) retrieved from /opt/airflow/dags/rickmorty.py
[2024-12-22T09:17:03.578+0000] {logging_mixin.py:150} INFO - [2024-12-22T09:17:03.577+0000] {dag.py:2742} INFO - Sync 1 DAGs
[2024-12-22T09:17:03.662+0000] {logging_mixin.py:150} INFO - [2024-12-22T09:17:03.662+0000] {dag.py:3508} INFO - Setting next_dagrun for rickmorty to 2024-12-22T00:00:00+00:00, run_after=2024-12-23T00:00:00+00:00
[2024-12-22T09:17:03.695+0000] {processor.py:179} INFO - Processing /opt/airflow/dags/rickmorty.py took 0.230 seconds
[2024-12-22T09:17:33.770+0000] {processor.py:157} INFO - Started process (PID=176) to work on /opt/airflow/dags/rickmorty.py
[2024-12-22T09:17:33.771+0000] {processor.py:826} INFO - Processing file /opt/airflow/dags/rickmorty.py for tasks to queue
[2024-12-22T09:17:33.772+0000] {logging_mixin.py:150} INFO - [2024-12-22T09:17:33.772+0000] {dagbag.py:541} INFO - Filling up the DagBag from /opt/airflow/dags/rickmorty.py
[2024-12-22T09:17:33.797+0000] {processor.py:836} INFO - DAG(s) dict_keys(['rickmorty']) retrieved from /opt/airflow/dags/rickmorty.py
[2024-12-22T09:17:33.854+0000] {logging_mixin.py:150} INFO - [2024-12-22T09:17:33.854+0000] {dag.py:2742} INFO - Sync 1 DAGs
[2024-12-22T09:17:33.899+0000] {logging_mixin.py:150} INFO - [2024-12-22T09:17:33.899+0000] {dag.py:3508} INFO - Setting next_dagrun for rickmorty to 2024-12-22T00:00:00+00:00, run_after=2024-12-23T00:00:00+00:00
[2024-12-22T09:17:33.931+0000] {processor.py:179} INFO - Processing /opt/airflow/dags/rickmorty.py took 0.168 seconds
[2024-12-22T09:18:04.036+0000] {processor.py:157} INFO - Started process (PID=184) to work on /opt/airflow/dags/rickmorty.py
[2024-12-22T09:18:04.037+0000] {processor.py:826} INFO - Processing file /opt/airflow/dags/rickmorty.py for tasks to queue
[2024-12-22T09:18:04.041+0000] {logging_mixin.py:150} INFO - [2024-12-22T09:18:04.040+0000] {dagbag.py:541} INFO - Filling up the DagBag from /opt/airflow/dags/rickmorty.py
[2024-12-22T09:18:04.096+0000] {processor.py:836} INFO - DAG(s) dict_keys(['rickmorty']) retrieved from /opt/airflow/dags/rickmorty.py
[2024-12-22T09:18:04.191+0000] {logging_mixin.py:150} INFO - [2024-12-22T09:18:04.191+0000] {dag.py:2742} INFO - Sync 1 DAGs
[2024-12-22T09:18:04.304+0000] {logging_mixin.py:150} INFO - [2024-12-22T09:18:04.303+0000] {dag.py:3508} INFO - Setting next_dagrun for rickmorty to 2024-12-22T00:00:00+00:00, run_after=2024-12-23T00:00:00+00:00
[2024-12-22T09:18:04.360+0000] {processor.py:179} INFO - Processing /opt/airflow/dags/rickmorty.py took 0.332 seconds
[2024-12-22T09:18:34.574+0000] {processor.py:157} INFO - Started process (PID=192) to work on /opt/airflow/dags/rickmorty.py
[2024-12-22T09:18:34.575+0000] {processor.py:826} INFO - Processing file /opt/airflow/dags/rickmorty.py for tasks to queue
[2024-12-22T09:18:34.576+0000] {logging_mixin.py:150} INFO - [2024-12-22T09:18:34.576+0000] {dagbag.py:541} INFO - Filling up the DagBag from /opt/airflow/dags/rickmorty.py
[2024-12-22T09:18:34.599+0000] {processor.py:836} INFO - DAG(s) dict_keys(['rickmorty']) retrieved from /opt/airflow/dags/rickmorty.py
[2024-12-22T09:18:34.645+0000] {logging_mixin.py:150} INFO - [2024-12-22T09:18:34.644+0000] {dag.py:2742} INFO - Sync 1 DAGs
[2024-12-22T09:18:34.695+0000] {logging_mixin.py:150} INFO - [2024-12-22T09:18:34.695+0000] {dag.py:3508} INFO - Setting next_dagrun for rickmorty to 2024-12-22T00:00:00+00:00, run_after=2024-12-23T00:00:00+00:00
[2024-12-22T09:18:34.726+0000] {processor.py:179} INFO - Processing /opt/airflow/dags/rickmorty.py took 0.160 seconds
[2024-12-22T09:19:04.771+0000] {processor.py:157} INFO - Started process (PID=200) to work on /opt/airflow/dags/rickmorty.py
[2024-12-22T09:19:04.773+0000] {processor.py:826} INFO - Processing file /opt/airflow/dags/rickmorty.py for tasks to queue
[2024-12-22T09:19:04.774+0000] {logging_mixin.py:150} INFO - [2024-12-22T09:19:04.774+0000] {dagbag.py:541} INFO - Filling up the DagBag from /opt/airflow/dags/rickmorty.py
[2024-12-22T09:19:04.792+0000] {processor.py:836} INFO - DAG(s) dict_keys(['rickmorty']) retrieved from /opt/airflow/dags/rickmorty.py
[2024-12-22T09:19:04.832+0000] {logging_mixin.py:150} INFO - [2024-12-22T09:19:04.832+0000] {dag.py:2742} INFO - Sync 1 DAGs
[2024-12-22T09:19:04.880+0000] {logging_mixin.py:150} INFO - [2024-12-22T09:19:04.880+0000] {dag.py:3508} INFO - Setting next_dagrun for rickmorty to 2024-12-22T00:00:00+00:00, run_after=2024-12-23T00:00:00+00:00
[2024-12-22T09:19:04.915+0000] {processor.py:179} INFO - Processing /opt/airflow/dags/rickmorty.py took 0.149 seconds
[2024-12-22T09:19:35.136+0000] {processor.py:157} INFO - Started process (PID=207) to work on /opt/airflow/dags/rickmorty.py
[2024-12-22T09:19:35.147+0000] {processor.py:826} INFO - Processing file /opt/airflow/dags/rickmorty.py for tasks to queue
[2024-12-22T09:19:35.148+0000] {logging_mixin.py:150} INFO - [2024-12-22T09:19:35.148+0000] {dagbag.py:541} INFO - Filling up the DagBag from /opt/airflow/dags/rickmorty.py
[2024-12-22T09:19:35.205+0000] {processor.py:836} INFO - DAG(s) dict_keys(['rickmorty']) retrieved from /opt/airflow/dags/rickmorty.py
[2024-12-22T09:19:35.274+0000] {logging_mixin.py:150} INFO - [2024-12-22T09:19:35.273+0000] {dag.py:2742} INFO - Sync 1 DAGs
[2024-12-22T09:19:35.326+0000] {logging_mixin.py:150} INFO - [2024-12-22T09:19:35.326+0000] {dag.py:3508} INFO - Setting next_dagrun for rickmorty to 2024-12-22T00:00:00+00:00, run_after=2024-12-23T00:00:00+00:00
[2024-12-22T09:19:35.359+0000] {processor.py:179} INFO - Processing /opt/airflow/dags/rickmorty.py took 0.248 seconds
[2024-12-22T09:20:05.570+0000] {processor.py:157} INFO - Started process (PID=215) to work on /opt/airflow/dags/rickmorty.py
[2024-12-22T09:20:05.571+0000] {processor.py:826} INFO - Processing file /opt/airflow/dags/rickmorty.py for tasks to queue
[2024-12-22T09:20:05.572+0000] {logging_mixin.py:150} INFO - [2024-12-22T09:20:05.572+0000] {dagbag.py:541} INFO - Filling up the DagBag from /opt/airflow/dags/rickmorty.py
[2024-12-22T09:20:05.590+0000] {processor.py:836} INFO - DAG(s) dict_keys(['rickmorty']) retrieved from /opt/airflow/dags/rickmorty.py
[2024-12-22T09:20:05.623+0000] {logging_mixin.py:150} INFO - [2024-12-22T09:20:05.623+0000] {dag.py:2742} INFO - Sync 1 DAGs
[2024-12-22T09:20:05.659+0000] {logging_mixin.py:150} INFO - [2024-12-22T09:20:05.658+0000] {dag.py:3508} INFO - Setting next_dagrun for rickmorty to 2024-12-22T00:00:00+00:00, run_after=2024-12-23T00:00:00+00:00
[2024-12-22T09:20:05.688+0000] {processor.py:179} INFO - Processing /opt/airflow/dags/rickmorty.py took 0.123 seconds
[2024-12-22T09:20:35.753+0000] {processor.py:157} INFO - Started process (PID=223) to work on /opt/airflow/dags/rickmorty.py
[2024-12-22T09:20:35.754+0000] {processor.py:826} INFO - Processing file /opt/airflow/dags/rickmorty.py for tasks to queue
[2024-12-22T09:20:35.755+0000] {logging_mixin.py:150} INFO - [2024-12-22T09:20:35.755+0000] {dagbag.py:541} INFO - Filling up the DagBag from /opt/airflow/dags/rickmorty.py
[2024-12-22T09:20:35.777+0000] {processor.py:836} INFO - DAG(s) dict_keys(['rickmorty']) retrieved from /opt/airflow/dags/rickmorty.py
[2024-12-22T09:20:35.836+0000] {logging_mixin.py:150} INFO - [2024-12-22T09:20:35.835+0000] {dag.py:2742} INFO - Sync 1 DAGs
[2024-12-22T09:20:35.901+0000] {logging_mixin.py:150} INFO - [2024-12-22T09:20:35.901+0000] {dag.py:3508} INFO - Setting next_dagrun for rickmorty to 2024-12-22T00:00:00+00:00, run_after=2024-12-23T00:00:00+00:00
[2024-12-22T09:20:35.935+0000] {processor.py:179} INFO - Processing /opt/airflow/dags/rickmorty.py took 0.189 seconds
[2024-12-22T09:21:06.095+0000] {processor.py:157} INFO - Started process (PID=231) to work on /opt/airflow/dags/rickmorty.py
[2024-12-22T09:21:06.097+0000] {processor.py:826} INFO - Processing file /opt/airflow/dags/rickmorty.py for tasks to queue
[2024-12-22T09:21:06.099+0000] {logging_mixin.py:150} INFO - [2024-12-22T09:21:06.098+0000] {dagbag.py:541} INFO - Filling up the DagBag from /opt/airflow/dags/rickmorty.py
[2024-12-22T09:21:06.130+0000] {processor.py:836} INFO - DAG(s) dict_keys(['rickmorty']) retrieved from /opt/airflow/dags/rickmorty.py
[2024-12-22T09:21:06.172+0000] {logging_mixin.py:150} INFO - [2024-12-22T09:21:06.172+0000] {dag.py:2742} INFO - Sync 1 DAGs
[2024-12-22T09:21:06.221+0000] {logging_mixin.py:150} INFO - [2024-12-22T09:21:06.221+0000] {dag.py:3508} INFO - Setting next_dagrun for rickmorty to 2024-12-22T00:00:00+00:00, run_after=2024-12-23T00:00:00+00:00
[2024-12-22T09:21:06.244+0000] {processor.py:179} INFO - Processing /opt/airflow/dags/rickmorty.py took 0.157 seconds
[2024-12-22T09:21:36.421+0000] {processor.py:157} INFO - Started process (PID=238) to work on /opt/airflow/dags/rickmorty.py
[2024-12-22T09:21:36.422+0000] {processor.py:826} INFO - Processing file /opt/airflow/dags/rickmorty.py for tasks to queue
[2024-12-22T09:21:36.424+0000] {logging_mixin.py:150} INFO - [2024-12-22T09:21:36.423+0000] {dagbag.py:541} INFO - Filling up the DagBag from /opt/airflow/dags/rickmorty.py
[2024-12-22T09:21:36.440+0000] {processor.py:836} INFO - DAG(s) dict_keys(['rickmorty']) retrieved from /opt/airflow/dags/rickmorty.py
[2024-12-22T09:21:36.474+0000] {logging_mixin.py:150} INFO - [2024-12-22T09:21:36.474+0000] {dag.py:2742} INFO - Sync 1 DAGs
[2024-12-22T09:21:36.510+0000] {logging_mixin.py:150} INFO - [2024-12-22T09:21:36.509+0000] {dag.py:3508} INFO - Setting next_dagrun for rickmorty to 2024-12-22T00:00:00+00:00, run_after=2024-12-23T00:00:00+00:00
[2024-12-22T09:21:36.534+0000] {processor.py:179} INFO - Processing /opt/airflow/dags/rickmorty.py took 0.118 seconds
[2024-12-22T09:22:06.575+0000] {processor.py:157} INFO - Started process (PID=246) to work on /opt/airflow/dags/rickmorty.py
[2024-12-22T09:22:06.576+0000] {processor.py:826} INFO - Processing file /opt/airflow/dags/rickmorty.py for tasks to queue
[2024-12-22T09:22:06.577+0000] {logging_mixin.py:150} INFO - [2024-12-22T09:22:06.577+0000] {dagbag.py:541} INFO - Filling up the DagBag from /opt/airflow/dags/rickmorty.py
[2024-12-22T09:22:06.592+0000] {processor.py:836} INFO - DAG(s) dict_keys(['rickmorty']) retrieved from /opt/airflow/dags/rickmorty.py
[2024-12-22T09:22:06.624+0000] {logging_mixin.py:150} INFO - [2024-12-22T09:22:06.624+0000] {dag.py:2742} INFO - Sync 1 DAGs
[2024-12-22T09:22:06.659+0000] {logging_mixin.py:150} INFO - [2024-12-22T09:22:06.659+0000] {dag.py:3508} INFO - Setting next_dagrun for rickmorty to 2024-12-22T00:00:00+00:00, run_after=2024-12-23T00:00:00+00:00
[2024-12-22T09:22:06.683+0000] {processor.py:179} INFO - Processing /opt/airflow/dags/rickmorty.py took 0.113 seconds
[2024-12-22T09:22:36.862+0000] {processor.py:157} INFO - Started process (PID=254) to work on /opt/airflow/dags/rickmorty.py
[2024-12-22T09:22:36.863+0000] {processor.py:826} INFO - Processing file /opt/airflow/dags/rickmorty.py for tasks to queue
[2024-12-22T09:22:36.864+0000] {logging_mixin.py:150} INFO - [2024-12-22T09:22:36.864+0000] {dagbag.py:541} INFO - Filling up the DagBag from /opt/airflow/dags/rickmorty.py
[2024-12-22T09:22:36.879+0000] {processor.py:836} INFO - DAG(s) dict_keys(['rickmorty']) retrieved from /opt/airflow/dags/rickmorty.py
[2024-12-22T09:22:36.910+0000] {logging_mixin.py:150} INFO - [2024-12-22T09:22:36.910+0000] {dag.py:2742} INFO - Sync 1 DAGs
[2024-12-22T09:22:36.953+0000] {logging_mixin.py:150} INFO - [2024-12-22T09:22:36.953+0000] {dag.py:3508} INFO - Setting next_dagrun for rickmorty to 2024-12-22T00:00:00+00:00, run_after=2024-12-23T00:00:00+00:00
[2024-12-22T09:22:36.983+0000] {processor.py:179} INFO - Processing /opt/airflow/dags/rickmorty.py took 0.126 seconds
[2024-12-22T09:23:07.044+0000] {processor.py:157} INFO - Started process (PID=262) to work on /opt/airflow/dags/rickmorty.py
[2024-12-22T09:23:07.045+0000] {processor.py:826} INFO - Processing file /opt/airflow/dags/rickmorty.py for tasks to queue
[2024-12-22T09:23:07.046+0000] {logging_mixin.py:150} INFO - [2024-12-22T09:23:07.046+0000] {dagbag.py:541} INFO - Filling up the DagBag from /opt/airflow/dags/rickmorty.py
[2024-12-22T09:23:07.064+0000] {processor.py:836} INFO - DAG(s) dict_keys(['rickmorty']) retrieved from /opt/airflow/dags/rickmorty.py
[2024-12-22T09:23:07.107+0000] {logging_mixin.py:150} INFO - [2024-12-22T09:23:07.107+0000] {dag.py:2742} INFO - Sync 1 DAGs
[2024-12-22T09:23:07.144+0000] {logging_mixin.py:150} INFO - [2024-12-22T09:23:07.144+0000] {dag.py:3508} INFO - Setting next_dagrun for rickmorty to 2024-12-22T00:00:00+00:00, run_after=2024-12-23T00:00:00+00:00
[2024-12-22T09:23:07.167+0000] {processor.py:179} INFO - Processing /opt/airflow/dags/rickmorty.py took 0.127 seconds
[2024-12-22T09:23:37.284+0000] {processor.py:157} INFO - Started process (PID=270) to work on /opt/airflow/dags/rickmorty.py
[2024-12-22T09:23:37.285+0000] {processor.py:826} INFO - Processing file /opt/airflow/dags/rickmorty.py for tasks to queue
[2024-12-22T09:23:37.286+0000] {logging_mixin.py:150} INFO - [2024-12-22T09:23:37.286+0000] {dagbag.py:541} INFO - Filling up the DagBag from /opt/airflow/dags/rickmorty.py
[2024-12-22T09:23:37.302+0000] {processor.py:836} INFO - DAG(s) dict_keys(['rickmorty']) retrieved from /opt/airflow/dags/rickmorty.py
[2024-12-22T09:23:37.332+0000] {logging_mixin.py:150} INFO - [2024-12-22T09:23:37.332+0000] {dag.py:2742} INFO - Sync 1 DAGs
[2024-12-22T09:23:37.367+0000] {logging_mixin.py:150} INFO - [2024-12-22T09:23:37.366+0000] {dag.py:3508} INFO - Setting next_dagrun for rickmorty to 2024-12-22T00:00:00+00:00, run_after=2024-12-23T00:00:00+00:00
[2024-12-22T09:23:37.390+0000] {processor.py:179} INFO - Processing /opt/airflow/dags/rickmorty.py took 0.110 seconds
[2024-12-22T09:24:07.456+0000] {processor.py:157} INFO - Started process (PID=278) to work on /opt/airflow/dags/rickmorty.py
[2024-12-22T09:24:07.458+0000] {processor.py:826} INFO - Processing file /opt/airflow/dags/rickmorty.py for tasks to queue
[2024-12-22T09:24:07.459+0000] {logging_mixin.py:150} INFO - [2024-12-22T09:24:07.458+0000] {dagbag.py:541} INFO - Filling up the DagBag from /opt/airflow/dags/rickmorty.py
[2024-12-22T09:24:07.473+0000] {processor.py:836} INFO - DAG(s) dict_keys(['rickmorty']) retrieved from /opt/airflow/dags/rickmorty.py
[2024-12-22T09:24:07.505+0000] {logging_mixin.py:150} INFO - [2024-12-22T09:24:07.505+0000] {dag.py:2742} INFO - Sync 1 DAGs
[2024-12-22T09:24:07.542+0000] {logging_mixin.py:150} INFO - [2024-12-22T09:24:07.542+0000] {dag.py:3508} INFO - Setting next_dagrun for rickmorty to 2024-12-22T00:00:00+00:00, run_after=2024-12-23T00:00:00+00:00
[2024-12-22T09:24:07.564+0000] {processor.py:179} INFO - Processing /opt/airflow/dags/rickmorty.py took 0.112 seconds
[2024-12-22T09:24:37.702+0000] {processor.py:157} INFO - Started process (PID=286) to work on /opt/airflow/dags/rickmorty.py
[2024-12-22T09:24:37.703+0000] {processor.py:826} INFO - Processing file /opt/airflow/dags/rickmorty.py for tasks to queue
[2024-12-22T09:24:37.704+0000] {logging_mixin.py:150} INFO - [2024-12-22T09:24:37.703+0000] {dagbag.py:541} INFO - Filling up the DagBag from /opt/airflow/dags/rickmorty.py
[2024-12-22T09:24:37.719+0000] {processor.py:836} INFO - DAG(s) dict_keys(['rickmorty']) retrieved from /opt/airflow/dags/rickmorty.py
[2024-12-22T09:24:37.755+0000] {logging_mixin.py:150} INFO - [2024-12-22T09:24:37.754+0000] {dag.py:2742} INFO - Sync 1 DAGs
[2024-12-22T09:24:37.790+0000] {logging_mixin.py:150} INFO - [2024-12-22T09:24:37.789+0000] {dag.py:3508} INFO - Setting next_dagrun for rickmorty to 2024-12-22T00:00:00+00:00, run_after=2024-12-23T00:00:00+00:00
[2024-12-22T09:24:37.813+0000] {processor.py:179} INFO - Processing /opt/airflow/dags/rickmorty.py took 0.115 seconds
[2024-12-22T09:25:07.894+0000] {processor.py:157} INFO - Started process (PID=294) to work on /opt/airflow/dags/rickmorty.py
[2024-12-22T09:25:07.895+0000] {processor.py:826} INFO - Processing file /opt/airflow/dags/rickmorty.py for tasks to queue
[2024-12-22T09:25:07.896+0000] {logging_mixin.py:150} INFO - [2024-12-22T09:25:07.896+0000] {dagbag.py:541} INFO - Filling up the DagBag from /opt/airflow/dags/rickmorty.py
[2024-12-22T09:25:07.918+0000] {processor.py:836} INFO - DAG(s) dict_keys(['rickmorty']) retrieved from /opt/airflow/dags/rickmorty.py
[2024-12-22T09:25:07.964+0000] {logging_mixin.py:150} INFO - [2024-12-22T09:25:07.964+0000] {dag.py:2742} INFO - Sync 1 DAGs
[2024-12-22T09:25:08.000+0000] {logging_mixin.py:150} INFO - [2024-12-22T09:25:08.000+0000] {dag.py:3508} INFO - Setting next_dagrun for rickmorty to 2024-12-22T00:00:00+00:00, run_after=2024-12-23T00:00:00+00:00
[2024-12-22T09:25:08.026+0000] {processor.py:179} INFO - Processing /opt/airflow/dags/rickmorty.py took 0.137 seconds
[2024-12-22T09:25:38.120+0000] {processor.py:157} INFO - Started process (PID=302) to work on /opt/airflow/dags/rickmorty.py
[2024-12-22T09:25:38.121+0000] {processor.py:826} INFO - Processing file /opt/airflow/dags/rickmorty.py for tasks to queue
[2024-12-22T09:25:38.122+0000] {logging_mixin.py:150} INFO - [2024-12-22T09:25:38.121+0000] {dagbag.py:541} INFO - Filling up the DagBag from /opt/airflow/dags/rickmorty.py
[2024-12-22T09:25:38.136+0000] {processor.py:836} INFO - DAG(s) dict_keys(['rickmorty']) retrieved from /opt/airflow/dags/rickmorty.py
[2024-12-22T09:25:38.167+0000] {logging_mixin.py:150} INFO - [2024-12-22T09:25:38.167+0000] {dag.py:2742} INFO - Sync 1 DAGs
[2024-12-22T09:25:38.203+0000] {logging_mixin.py:150} INFO - [2024-12-22T09:25:38.202+0000] {dag.py:3508} INFO - Setting next_dagrun for rickmorty to 2024-12-22T00:00:00+00:00, run_after=2024-12-23T00:00:00+00:00
[2024-12-22T09:25:38.225+0000] {processor.py:179} INFO - Processing /opt/airflow/dags/rickmorty.py took 0.110 seconds
[2024-12-22T09:26:08.374+0000] {processor.py:157} INFO - Started process (PID=310) to work on /opt/airflow/dags/rickmorty.py
[2024-12-22T09:26:08.377+0000] {processor.py:826} INFO - Processing file /opt/airflow/dags/rickmorty.py for tasks to queue
[2024-12-22T09:26:08.379+0000] {logging_mixin.py:150} INFO - [2024-12-22T09:26:08.378+0000] {dagbag.py:541} INFO - Filling up the DagBag from /opt/airflow/dags/rickmorty.py
[2024-12-22T09:26:08.398+0000] {processor.py:836} INFO - DAG(s) dict_keys(['rickmorty']) retrieved from /opt/airflow/dags/rickmorty.py
[2024-12-22T09:26:08.440+0000] {logging_mixin.py:150} INFO - [2024-12-22T09:26:08.439+0000] {dag.py:2742} INFO - Sync 1 DAGs
[2024-12-22T09:26:08.495+0000] {logging_mixin.py:150} INFO - [2024-12-22T09:26:08.494+0000] {dag.py:3508} INFO - Setting next_dagrun for rickmorty to 2024-12-22T00:00:00+00:00, run_after=2024-12-23T00:00:00+00:00
[2024-12-22T09:26:08.525+0000] {processor.py:179} INFO - Processing /opt/airflow/dags/rickmorty.py took 0.162 seconds
[2024-12-22T09:26:38.568+0000] {processor.py:157} INFO - Started process (PID=318) to work on /opt/airflow/dags/rickmorty.py
[2024-12-22T09:26:38.568+0000] {processor.py:826} INFO - Processing file /opt/airflow/dags/rickmorty.py for tasks to queue
[2024-12-22T09:26:38.570+0000] {logging_mixin.py:150} INFO - [2024-12-22T09:26:38.569+0000] {dagbag.py:541} INFO - Filling up the DagBag from /opt/airflow/dags/rickmorty.py
[2024-12-22T09:26:38.614+0000] {processor.py:836} INFO - DAG(s) dict_keys(['rickmorty']) retrieved from /opt/airflow/dags/rickmorty.py
[2024-12-22T09:26:38.660+0000] {logging_mixin.py:150} INFO - [2024-12-22T09:26:38.660+0000] {dag.py:2742} INFO - Sync 1 DAGs
[2024-12-22T09:26:38.714+0000] {logging_mixin.py:150} INFO - [2024-12-22T09:26:38.713+0000] {dag.py:3508} INFO - Setting next_dagrun for rickmorty to 2024-12-22T00:00:00+00:00, run_after=2024-12-23T00:00:00+00:00
[2024-12-22T09:26:38.752+0000] {processor.py:179} INFO - Processing /opt/airflow/dags/rickmorty.py took 0.192 seconds
[2024-12-22T09:27:08.920+0000] {processor.py:157} INFO - Started process (PID=325) to work on /opt/airflow/dags/rickmorty.py
[2024-12-22T09:27:08.924+0000] {processor.py:826} INFO - Processing file /opt/airflow/dags/rickmorty.py for tasks to queue
[2024-12-22T09:27:08.925+0000] {logging_mixin.py:150} INFO - [2024-12-22T09:27:08.925+0000] {dagbag.py:541} INFO - Filling up the DagBag from /opt/airflow/dags/rickmorty.py
[2024-12-22T09:27:08.949+0000] {processor.py:836} INFO - DAG(s) dict_keys(['rickmorty']) retrieved from /opt/airflow/dags/rickmorty.py
[2024-12-22T09:27:08.989+0000] {logging_mixin.py:150} INFO - [2024-12-22T09:27:08.989+0000] {dag.py:2742} INFO - Sync 1 DAGs
[2024-12-22T09:27:09.042+0000] {logging_mixin.py:150} INFO - [2024-12-22T09:27:09.042+0000] {dag.py:3508} INFO - Setting next_dagrun for rickmorty to 2024-12-22T00:00:00+00:00, run_after=2024-12-23T00:00:00+00:00
[2024-12-22T09:27:09.072+0000] {processor.py:179} INFO - Processing /opt/airflow/dags/rickmorty.py took 0.158 seconds
[2024-12-22T09:27:39.153+0000] {processor.py:157} INFO - Started process (PID=333) to work on /opt/airflow/dags/rickmorty.py
[2024-12-22T09:27:39.154+0000] {processor.py:826} INFO - Processing file /opt/airflow/dags/rickmorty.py for tasks to queue
[2024-12-22T09:27:39.155+0000] {logging_mixin.py:150} INFO - [2024-12-22T09:27:39.155+0000] {dagbag.py:541} INFO - Filling up the DagBag from /opt/airflow/dags/rickmorty.py
[2024-12-22T09:27:39.173+0000] {processor.py:836} INFO - DAG(s) dict_keys(['rickmorty']) retrieved from /opt/airflow/dags/rickmorty.py
[2024-12-22T09:27:39.217+0000] {logging_mixin.py:150} INFO - [2024-12-22T09:27:39.217+0000] {dag.py:2742} INFO - Sync 1 DAGs
[2024-12-22T09:27:39.294+0000] {logging_mixin.py:150} INFO - [2024-12-22T09:27:39.294+0000] {dag.py:3508} INFO - Setting next_dagrun for rickmorty to 2024-12-22T00:00:00+00:00, run_after=2024-12-23T00:00:00+00:00
[2024-12-22T09:27:39.340+0000] {processor.py:179} INFO - Processing /opt/airflow/dags/rickmorty.py took 0.192 seconds
[2024-12-22T09:28:09.426+0000] {processor.py:157} INFO - Started process (PID=341) to work on /opt/airflow/dags/rickmorty.py
[2024-12-22T09:28:09.427+0000] {processor.py:826} INFO - Processing file /opt/airflow/dags/rickmorty.py for tasks to queue
[2024-12-22T09:28:09.428+0000] {logging_mixin.py:150} INFO - [2024-12-22T09:28:09.428+0000] {dagbag.py:541} INFO - Filling up the DagBag from /opt/airflow/dags/rickmorty.py
[2024-12-22T09:28:09.448+0000] {processor.py:836} INFO - DAG(s) dict_keys(['rickmorty']) retrieved from /opt/airflow/dags/rickmorty.py
[2024-12-22T09:28:09.490+0000] {logging_mixin.py:150} INFO - [2024-12-22T09:28:09.490+0000] {dag.py:2742} INFO - Sync 1 DAGs
[2024-12-22T09:28:09.542+0000] {logging_mixin.py:150} INFO - [2024-12-22T09:28:09.542+0000] {dag.py:3508} INFO - Setting next_dagrun for rickmorty to 2024-12-22T00:00:00+00:00, run_after=2024-12-23T00:00:00+00:00
[2024-12-22T09:28:09.575+0000] {processor.py:179} INFO - Processing /opt/airflow/dags/rickmorty.py took 0.155 seconds
[2024-12-22T09:28:39.717+0000] {processor.py:157} INFO - Started process (PID=349) to work on /opt/airflow/dags/rickmorty.py
[2024-12-22T09:28:39.718+0000] {processor.py:826} INFO - Processing file /opt/airflow/dags/rickmorty.py for tasks to queue
[2024-12-22T09:28:39.719+0000] {logging_mixin.py:150} INFO - [2024-12-22T09:28:39.719+0000] {dagbag.py:541} INFO - Filling up the DagBag from /opt/airflow/dags/rickmorty.py
[2024-12-22T09:28:39.738+0000] {processor.py:836} INFO - DAG(s) dict_keys(['rickmorty']) retrieved from /opt/airflow/dags/rickmorty.py
[2024-12-22T09:28:39.769+0000] {logging_mixin.py:150} INFO - [2024-12-22T09:28:39.769+0000] {dag.py:2742} INFO - Sync 1 DAGs
[2024-12-22T09:28:39.803+0000] {logging_mixin.py:150} INFO - [2024-12-22T09:28:39.803+0000] {dag.py:3508} INFO - Setting next_dagrun for rickmorty to 2024-12-22T00:00:00+00:00, run_after=2024-12-23T00:00:00+00:00
[2024-12-22T09:28:39.825+0000] {processor.py:179} INFO - Processing /opt/airflow/dags/rickmorty.py took 0.113 seconds
[2024-12-22T09:29:09.896+0000] {processor.py:157} INFO - Started process (PID=357) to work on /opt/airflow/dags/rickmorty.py
[2024-12-22T09:29:09.897+0000] {processor.py:826} INFO - Processing file /opt/airflow/dags/rickmorty.py for tasks to queue
[2024-12-22T09:29:09.898+0000] {logging_mixin.py:150} INFO - [2024-12-22T09:29:09.898+0000] {dagbag.py:541} INFO - Filling up the DagBag from /opt/airflow/dags/rickmorty.py
[2024-12-22T09:29:09.913+0000] {processor.py:836} INFO - DAG(s) dict_keys(['rickmorty']) retrieved from /opt/airflow/dags/rickmorty.py
[2024-12-22T09:29:09.944+0000] {logging_mixin.py:150} INFO - [2024-12-22T09:29:09.944+0000] {dag.py:2742} INFO - Sync 1 DAGs
[2024-12-22T09:29:09.982+0000] {logging_mixin.py:150} INFO - [2024-12-22T09:29:09.981+0000] {dag.py:3508} INFO - Setting next_dagrun for rickmorty to 2024-12-22T00:00:00+00:00, run_after=2024-12-23T00:00:00+00:00
[2024-12-22T09:29:10.005+0000] {processor.py:179} INFO - Processing /opt/airflow/dags/rickmorty.py took 0.113 seconds
[2024-12-22T09:29:40.133+0000] {processor.py:157} INFO - Started process (PID=365) to work on /opt/airflow/dags/rickmorty.py
[2024-12-22T09:29:40.134+0000] {processor.py:826} INFO - Processing file /opt/airflow/dags/rickmorty.py for tasks to queue
[2024-12-22T09:29:40.136+0000] {logging_mixin.py:150} INFO - [2024-12-22T09:29:40.136+0000] {dagbag.py:541} INFO - Filling up the DagBag from /opt/airflow/dags/rickmorty.py
[2024-12-22T09:29:40.155+0000] {processor.py:836} INFO - DAG(s) dict_keys(['rickmorty']) retrieved from /opt/airflow/dags/rickmorty.py
[2024-12-22T09:29:40.208+0000] {logging_mixin.py:150} INFO - [2024-12-22T09:29:40.207+0000] {dag.py:2742} INFO - Sync 1 DAGs
[2024-12-22T09:29:40.256+0000] {logging_mixin.py:150} INFO - [2024-12-22T09:29:40.256+0000] {dag.py:3508} INFO - Setting next_dagrun for rickmorty to 2024-12-22T00:00:00+00:00, run_after=2024-12-23T00:00:00+00:00
[2024-12-22T09:29:40.285+0000] {processor.py:179} INFO - Processing /opt/airflow/dags/rickmorty.py took 0.158 seconds
[2024-12-22T09:30:10.316+0000] {processor.py:157} INFO - Started process (PID=373) to work on /opt/airflow/dags/rickmorty.py
[2024-12-22T09:30:10.318+0000] {processor.py:826} INFO - Processing file /opt/airflow/dags/rickmorty.py for tasks to queue
[2024-12-22T09:30:10.319+0000] {logging_mixin.py:150} INFO - [2024-12-22T09:30:10.319+0000] {dagbag.py:541} INFO - Filling up the DagBag from /opt/airflow/dags/rickmorty.py
[2024-12-22T09:30:10.336+0000] {processor.py:836} INFO - DAG(s) dict_keys(['rickmorty']) retrieved from /opt/airflow/dags/rickmorty.py
[2024-12-22T09:30:10.390+0000] {logging_mixin.py:150} INFO - [2024-12-22T09:30:10.390+0000] {dag.py:2742} INFO - Sync 1 DAGs
[2024-12-22T09:30:10.424+0000] {logging_mixin.py:150} INFO - [2024-12-22T09:30:10.424+0000] {dag.py:3508} INFO - Setting next_dagrun for rickmorty to 2024-12-22T00:00:00+00:00, run_after=2024-12-23T00:00:00+00:00
[2024-12-22T09:30:10.449+0000] {processor.py:179} INFO - Processing /opt/airflow/dags/rickmorty.py took 0.141 seconds
[2024-12-22T09:30:40.657+0000] {processor.py:157} INFO - Started process (PID=381) to work on /opt/airflow/dags/rickmorty.py
[2024-12-22T09:30:40.660+0000] {processor.py:826} INFO - Processing file /opt/airflow/dags/rickmorty.py for tasks to queue
[2024-12-22T09:30:40.661+0000] {logging_mixin.py:150} INFO - [2024-12-22T09:30:40.660+0000] {dagbag.py:541} INFO - Filling up the DagBag from /opt/airflow/dags/rickmorty.py
[2024-12-22T09:30:40.676+0000] {processor.py:836} INFO - DAG(s) dict_keys(['rickmorty']) retrieved from /opt/airflow/dags/rickmorty.py
[2024-12-22T09:30:40.709+0000] {logging_mixin.py:150} INFO - [2024-12-22T09:30:40.709+0000] {dag.py:2742} INFO - Sync 1 DAGs
[2024-12-22T09:30:40.746+0000] {logging_mixin.py:150} INFO - [2024-12-22T09:30:40.746+0000] {dag.py:3508} INFO - Setting next_dagrun for rickmorty to 2024-12-22T00:00:00+00:00, run_after=2024-12-23T00:00:00+00:00
[2024-12-22T09:30:40.769+0000] {processor.py:179} INFO - Processing /opt/airflow/dags/rickmorty.py took 0.126 seconds
[2024-12-22T09:31:10.914+0000] {processor.py:157} INFO - Started process (PID=389) to work on /opt/airflow/dags/rickmorty.py
[2024-12-22T09:31:10.915+0000] {processor.py:826} INFO - Processing file /opt/airflow/dags/rickmorty.py for tasks to queue
[2024-12-22T09:31:10.917+0000] {logging_mixin.py:150} INFO - [2024-12-22T09:31:10.916+0000] {dagbag.py:541} INFO - Filling up the DagBag from /opt/airflow/dags/rickmorty.py
[2024-12-22T09:31:10.932+0000] {processor.py:836} INFO - DAG(s) dict_keys(['rickmorty']) retrieved from /opt/airflow/dags/rickmorty.py
[2024-12-22T09:31:10.962+0000] {logging_mixin.py:150} INFO - [2024-12-22T09:31:10.962+0000] {dag.py:2742} INFO - Sync 1 DAGs
[2024-12-22T09:31:10.997+0000] {logging_mixin.py:150} INFO - [2024-12-22T09:31:10.997+0000] {dag.py:3508} INFO - Setting next_dagrun for rickmorty to 2024-12-22T00:00:00+00:00, run_after=2024-12-23T00:00:00+00:00
[2024-12-22T09:31:11.020+0000] {processor.py:179} INFO - Processing /opt/airflow/dags/rickmorty.py took 0.111 seconds
[2024-12-22T09:31:41.094+0000] {processor.py:157} INFO - Started process (PID=397) to work on /opt/airflow/dags/rickmorty.py
[2024-12-22T09:31:41.096+0000] {processor.py:826} INFO - Processing file /opt/airflow/dags/rickmorty.py for tasks to queue
[2024-12-22T09:31:41.097+0000] {logging_mixin.py:150} INFO - [2024-12-22T09:31:41.096+0000] {dagbag.py:541} INFO - Filling up the DagBag from /opt/airflow/dags/rickmorty.py
[2024-12-22T09:31:41.113+0000] {processor.py:836} INFO - DAG(s) dict_keys(['rickmorty']) retrieved from /opt/airflow/dags/rickmorty.py
[2024-12-22T09:31:41.155+0000] {logging_mixin.py:150} INFO - [2024-12-22T09:31:41.154+0000] {dag.py:2742} INFO - Sync 1 DAGs
[2024-12-22T09:31:41.200+0000] {logging_mixin.py:150} INFO - [2024-12-22T09:31:41.200+0000] {dag.py:3508} INFO - Setting next_dagrun for rickmorty to 2024-12-22T00:00:00+00:00, run_after=2024-12-23T00:00:00+00:00
[2024-12-22T09:31:41.226+0000] {processor.py:179} INFO - Processing /opt/airflow/dags/rickmorty.py took 0.137 seconds
[2024-12-22T09:32:11.343+0000] {processor.py:157} INFO - Started process (PID=405) to work on /opt/airflow/dags/rickmorty.py
[2024-12-22T09:32:11.344+0000] {processor.py:826} INFO - Processing file /opt/airflow/dags/rickmorty.py for tasks to queue
[2024-12-22T09:32:11.345+0000] {logging_mixin.py:150} INFO - [2024-12-22T09:32:11.345+0000] {dagbag.py:541} INFO - Filling up the DagBag from /opt/airflow/dags/rickmorty.py
[2024-12-22T09:32:11.362+0000] {processor.py:836} INFO - DAG(s) dict_keys(['rickmorty']) retrieved from /opt/airflow/dags/rickmorty.py
[2024-12-22T09:32:11.401+0000] {logging_mixin.py:150} INFO - [2024-12-22T09:32:11.401+0000] {dag.py:2742} INFO - Sync 1 DAGs
[2024-12-22T09:32:11.445+0000] {logging_mixin.py:150} INFO - [2024-12-22T09:32:11.445+0000] {dag.py:3508} INFO - Setting next_dagrun for rickmorty to 2024-12-22T00:00:00+00:00, run_after=2024-12-23T00:00:00+00:00
[2024-12-22T09:32:11.471+0000] {processor.py:179} INFO - Processing /opt/airflow/dags/rickmorty.py took 0.134 seconds
[2024-12-22T09:32:41.526+0000] {processor.py:157} INFO - Started process (PID=412) to work on /opt/airflow/dags/rickmorty.py
[2024-12-22T09:32:41.527+0000] {processor.py:826} INFO - Processing file /opt/airflow/dags/rickmorty.py for tasks to queue
[2024-12-22T09:32:41.528+0000] {logging_mixin.py:150} INFO - [2024-12-22T09:32:41.528+0000] {dagbag.py:541} INFO - Filling up the DagBag from /opt/airflow/dags/rickmorty.py
[2024-12-22T09:32:41.543+0000] {processor.py:836} INFO - DAG(s) dict_keys(['rickmorty']) retrieved from /opt/airflow/dags/rickmorty.py
[2024-12-22T09:32:41.588+0000] {logging_mixin.py:150} INFO - [2024-12-22T09:32:41.586+0000] {dag.py:2742} INFO - Sync 1 DAGs
[2024-12-22T09:32:41.631+0000] {logging_mixin.py:150} INFO - [2024-12-22T09:32:41.630+0000] {dag.py:3508} INFO - Setting next_dagrun for rickmorty to 2024-12-22T00:00:00+00:00, run_after=2024-12-23T00:00:00+00:00
[2024-12-22T09:32:41.696+0000] {processor.py:179} INFO - Processing /opt/airflow/dags/rickmorty.py took 0.171 seconds
[2024-12-22T09:33:11.784+0000] {processor.py:157} INFO - Started process (PID=420) to work on /opt/airflow/dags/rickmorty.py
[2024-12-22T09:33:11.785+0000] {processor.py:826} INFO - Processing file /opt/airflow/dags/rickmorty.py for tasks to queue
[2024-12-22T09:33:11.786+0000] {logging_mixin.py:150} INFO - [2024-12-22T09:33:11.785+0000] {dagbag.py:541} INFO - Filling up the DagBag from /opt/airflow/dags/rickmorty.py
[2024-12-22T09:33:11.803+0000] {processor.py:836} INFO - DAG(s) dict_keys(['rickmorty']) retrieved from /opt/airflow/dags/rickmorty.py
[2024-12-22T09:33:11.857+0000] {logging_mixin.py:150} INFO - [2024-12-22T09:33:11.856+0000] {dag.py:2742} INFO - Sync 1 DAGs
[2024-12-22T09:33:11.901+0000] {logging_mixin.py:150} INFO - [2024-12-22T09:33:11.901+0000] {dag.py:3508} INFO - Setting next_dagrun for rickmorty to 2024-12-22T00:00:00+00:00, run_after=2024-12-23T00:00:00+00:00
[2024-12-22T09:33:11.933+0000] {processor.py:179} INFO - Processing /opt/airflow/dags/rickmorty.py took 0.154 seconds
[2024-12-22T09:33:42.034+0000] {processor.py:157} INFO - Started process (PID=428) to work on /opt/airflow/dags/rickmorty.py
[2024-12-22T09:33:42.035+0000] {processor.py:826} INFO - Processing file /opt/airflow/dags/rickmorty.py for tasks to queue
[2024-12-22T09:33:42.036+0000] {logging_mixin.py:150} INFO - [2024-12-22T09:33:42.036+0000] {dagbag.py:541} INFO - Filling up the DagBag from /opt/airflow/dags/rickmorty.py
[2024-12-22T09:33:42.053+0000] {processor.py:836} INFO - DAG(s) dict_keys(['rickmorty']) retrieved from /opt/airflow/dags/rickmorty.py
[2024-12-22T09:33:42.094+0000] {logging_mixin.py:150} INFO - [2024-12-22T09:33:42.094+0000] {dag.py:2742} INFO - Sync 1 DAGs
[2024-12-22T09:33:42.137+0000] {logging_mixin.py:150} INFO - [2024-12-22T09:33:42.137+0000] {dag.py:3508} INFO - Setting next_dagrun for rickmorty to 2024-12-22T00:00:00+00:00, run_after=2024-12-23T00:00:00+00:00
[2024-12-22T09:33:42.166+0000] {processor.py:179} INFO - Processing /opt/airflow/dags/rickmorty.py took 0.138 seconds
[2024-12-22T09:34:12.269+0000] {processor.py:157} INFO - Started process (PID=436) to work on /opt/airflow/dags/rickmorty.py
[2024-12-22T09:34:12.272+0000] {processor.py:826} INFO - Processing file /opt/airflow/dags/rickmorty.py for tasks to queue
[2024-12-22T09:34:12.273+0000] {logging_mixin.py:150} INFO - [2024-12-22T09:34:12.272+0000] {dagbag.py:541} INFO - Filling up the DagBag from /opt/airflow/dags/rickmorty.py
[2024-12-22T09:34:12.303+0000] {processor.py:836} INFO - DAG(s) dict_keys(['rickmorty']) retrieved from /opt/airflow/dags/rickmorty.py
[2024-12-22T09:34:12.373+0000] {logging_mixin.py:150} INFO - [2024-12-22T09:34:12.373+0000] {dag.py:2742} INFO - Sync 1 DAGs
[2024-12-22T09:34:12.419+0000] {logging_mixin.py:150} INFO - [2024-12-22T09:34:12.418+0000] {dag.py:3508} INFO - Setting next_dagrun for rickmorty to 2024-12-22T00:00:00+00:00, run_after=2024-12-23T00:00:00+00:00
[2024-12-22T09:34:12.448+0000] {processor.py:179} INFO - Processing /opt/airflow/dags/rickmorty.py took 0.191 seconds
[2024-12-22T09:34:42.532+0000] {processor.py:157} INFO - Started process (PID=443) to work on /opt/airflow/dags/rickmorty.py
[2024-12-22T09:34:42.534+0000] {processor.py:826} INFO - Processing file /opt/airflow/dags/rickmorty.py for tasks to queue
[2024-12-22T09:34:42.535+0000] {logging_mixin.py:150} INFO - [2024-12-22T09:34:42.534+0000] {dagbag.py:541} INFO - Filling up the DagBag from /opt/airflow/dags/rickmorty.py
[2024-12-22T09:34:42.557+0000] {processor.py:836} INFO - DAG(s) dict_keys(['rickmorty']) retrieved from /opt/airflow/dags/rickmorty.py
[2024-12-22T09:34:42.591+0000] {logging_mixin.py:150} INFO - [2024-12-22T09:34:42.591+0000] {dag.py:2742} INFO - Sync 1 DAGs
[2024-12-22T09:34:42.628+0000] {logging_mixin.py:150} INFO - [2024-12-22T09:34:42.628+0000] {dag.py:3508} INFO - Setting next_dagrun for rickmorty to 2024-12-22T00:00:00+00:00, run_after=2024-12-23T00:00:00+00:00
[2024-12-22T09:34:42.659+0000] {processor.py:179} INFO - Processing /opt/airflow/dags/rickmorty.py took 0.131 seconds
[2024-12-22T09:35:12.775+0000] {processor.py:157} INFO - Started process (PID=451) to work on /opt/airflow/dags/rickmorty.py
[2024-12-22T09:35:12.776+0000] {processor.py:826} INFO - Processing file /opt/airflow/dags/rickmorty.py for tasks to queue
[2024-12-22T09:35:12.777+0000] {logging_mixin.py:150} INFO - [2024-12-22T09:35:12.777+0000] {dagbag.py:541} INFO - Filling up the DagBag from /opt/airflow/dags/rickmorty.py
[2024-12-22T09:35:12.796+0000] {processor.py:836} INFO - DAG(s) dict_keys(['rickmorty']) retrieved from /opt/airflow/dags/rickmorty.py
[2024-12-22T09:35:12.855+0000] {logging_mixin.py:150} INFO - [2024-12-22T09:35:12.855+0000] {dag.py:2742} INFO - Sync 1 DAGs
[2024-12-22T09:35:12.910+0000] {logging_mixin.py:150} INFO - [2024-12-22T09:35:12.909+0000] {dag.py:3508} INFO - Setting next_dagrun for rickmorty to 2024-12-22T00:00:00+00:00, run_after=2024-12-23T00:00:00+00:00
[2024-12-22T09:35:12.934+0000] {processor.py:179} INFO - Processing /opt/airflow/dags/rickmorty.py took 0.164 seconds
[2024-12-22T09:35:42.982+0000] {processor.py:157} INFO - Started process (PID=459) to work on /opt/airflow/dags/rickmorty.py
[2024-12-22T09:35:42.983+0000] {processor.py:826} INFO - Processing file /opt/airflow/dags/rickmorty.py for tasks to queue
[2024-12-22T09:35:42.984+0000] {logging_mixin.py:150} INFO - [2024-12-22T09:35:42.984+0000] {dagbag.py:541} INFO - Filling up the DagBag from /opt/airflow/dags/rickmorty.py
[2024-12-22T09:35:42.999+0000] {processor.py:836} INFO - DAG(s) dict_keys(['rickmorty']) retrieved from /opt/airflow/dags/rickmorty.py
[2024-12-22T09:35:43.032+0000] {logging_mixin.py:150} INFO - [2024-12-22T09:35:43.032+0000] {dag.py:2742} INFO - Sync 1 DAGs
[2024-12-22T09:35:43.072+0000] {logging_mixin.py:150} INFO - [2024-12-22T09:35:43.070+0000] {dag.py:3508} INFO - Setting next_dagrun for rickmorty to 2024-12-22T00:00:00+00:00, run_after=2024-12-23T00:00:00+00:00
[2024-12-22T09:35:43.106+0000] {processor.py:179} INFO - Processing /opt/airflow/dags/rickmorty.py took 0.128 seconds
[2024-12-22T09:36:13.249+0000] {processor.py:157} INFO - Started process (PID=467) to work on /opt/airflow/dags/rickmorty.py
[2024-12-22T09:36:13.249+0000] {processor.py:826} INFO - Processing file /opt/airflow/dags/rickmorty.py for tasks to queue
[2024-12-22T09:36:13.250+0000] {logging_mixin.py:150} INFO - [2024-12-22T09:36:13.250+0000] {dagbag.py:541} INFO - Filling up the DagBag from /opt/airflow/dags/rickmorty.py
[2024-12-22T09:36:13.269+0000] {processor.py:836} INFO - DAG(s) dict_keys(['rickmorty']) retrieved from /opt/airflow/dags/rickmorty.py
[2024-12-22T09:36:13.309+0000] {logging_mixin.py:150} INFO - [2024-12-22T09:36:13.309+0000] {dag.py:2742} INFO - Sync 1 DAGs
[2024-12-22T09:36:13.356+0000] {logging_mixin.py:150} INFO - [2024-12-22T09:36:13.355+0000] {dag.py:3508} INFO - Setting next_dagrun for rickmorty to 2024-12-22T00:00:00+00:00, run_after=2024-12-23T00:00:00+00:00
[2024-12-22T09:36:13.383+0000] {processor.py:179} INFO - Processing /opt/airflow/dags/rickmorty.py took 0.140 seconds
[2024-12-22T09:36:43.483+0000] {processor.py:157} INFO - Started process (PID=475) to work on /opt/airflow/dags/rickmorty.py
[2024-12-22T09:36:43.485+0000] {processor.py:826} INFO - Processing file /opt/airflow/dags/rickmorty.py for tasks to queue
[2024-12-22T09:36:43.486+0000] {logging_mixin.py:150} INFO - [2024-12-22T09:36:43.485+0000] {dagbag.py:541} INFO - Filling up the DagBag from /opt/airflow/dags/rickmorty.py
[2024-12-22T09:36:43.503+0000] {processor.py:836} INFO - DAG(s) dict_keys(['rickmorty']) retrieved from /opt/airflow/dags/rickmorty.py
[2024-12-22T09:36:43.539+0000] {logging_mixin.py:150} INFO - [2024-12-22T09:36:43.539+0000] {dag.py:2742} INFO - Sync 1 DAGs
[2024-12-22T09:36:43.587+0000] {logging_mixin.py:150} INFO - [2024-12-22T09:36:43.586+0000] {dag.py:3508} INFO - Setting next_dagrun for rickmorty to 2024-12-22T00:00:00+00:00, run_after=2024-12-23T00:00:00+00:00
[2024-12-22T09:36:43.615+0000] {processor.py:179} INFO - Processing /opt/airflow/dags/rickmorty.py took 0.136 seconds
[2024-12-22T09:37:13.746+0000] {processor.py:157} INFO - Started process (PID=482) to work on /opt/airflow/dags/rickmorty.py
[2024-12-22T09:37:13.747+0000] {processor.py:826} INFO - Processing file /opt/airflow/dags/rickmorty.py for tasks to queue
[2024-12-22T09:37:13.748+0000] {logging_mixin.py:150} INFO - [2024-12-22T09:37:13.748+0000] {dagbag.py:541} INFO - Filling up the DagBag from /opt/airflow/dags/rickmorty.py
[2024-12-22T09:37:13.774+0000] {processor.py:836} INFO - DAG(s) dict_keys(['rickmorty']) retrieved from /opt/airflow/dags/rickmorty.py
[2024-12-22T09:37:13.814+0000] {logging_mixin.py:150} INFO - [2024-12-22T09:37:13.814+0000] {dag.py:2742} INFO - Sync 1 DAGs
[2024-12-22T09:37:13.861+0000] {logging_mixin.py:150} INFO - [2024-12-22T09:37:13.860+0000] {dag.py:3508} INFO - Setting next_dagrun for rickmorty to 2024-12-22T00:00:00+00:00, run_after=2024-12-23T00:00:00+00:00
[2024-12-22T09:37:13.888+0000] {processor.py:179} INFO - Processing /opt/airflow/dags/rickmorty.py took 0.162 seconds
[2024-12-22T09:37:43.928+0000] {processor.py:157} INFO - Started process (PID=490) to work on /opt/airflow/dags/rickmorty.py
[2024-12-22T09:37:43.930+0000] {processor.py:826} INFO - Processing file /opt/airflow/dags/rickmorty.py for tasks to queue
[2024-12-22T09:37:43.931+0000] {logging_mixin.py:150} INFO - [2024-12-22T09:37:43.931+0000] {dagbag.py:541} INFO - Filling up the DagBag from /opt/airflow/dags/rickmorty.py
[2024-12-22T09:37:43.949+0000] {processor.py:836} INFO - DAG(s) dict_keys(['rickmorty']) retrieved from /opt/airflow/dags/rickmorty.py
[2024-12-22T09:37:43.989+0000] {logging_mixin.py:150} INFO - [2024-12-22T09:37:43.989+0000] {dag.py:2742} INFO - Sync 1 DAGs
[2024-12-22T09:37:44.035+0000] {logging_mixin.py:150} INFO - [2024-12-22T09:37:44.035+0000] {dag.py:3508} INFO - Setting next_dagrun for rickmorty to 2024-12-22T00:00:00+00:00, run_after=2024-12-23T00:00:00+00:00
[2024-12-22T09:37:44.070+0000] {processor.py:179} INFO - Processing /opt/airflow/dags/rickmorty.py took 0.146 seconds
[2024-12-22T09:38:14.234+0000] {processor.py:157} INFO - Started process (PID=498) to work on /opt/airflow/dags/rickmorty.py
[2024-12-22T09:38:14.235+0000] {processor.py:826} INFO - Processing file /opt/airflow/dags/rickmorty.py for tasks to queue
[2024-12-22T09:38:14.236+0000] {logging_mixin.py:150} INFO - [2024-12-22T09:38:14.236+0000] {dagbag.py:541} INFO - Filling up the DagBag from /opt/airflow/dags/rickmorty.py
[2024-12-22T09:38:14.257+0000] {processor.py:836} INFO - DAG(s) dict_keys(['rickmorty']) retrieved from /opt/airflow/dags/rickmorty.py
[2024-12-22T09:38:14.298+0000] {logging_mixin.py:150} INFO - [2024-12-22T09:38:14.298+0000] {dag.py:2742} INFO - Sync 1 DAGs
[2024-12-22T09:38:14.340+0000] {logging_mixin.py:150} INFO - [2024-12-22T09:38:14.340+0000] {dag.py:3508} INFO - Setting next_dagrun for rickmorty to 2024-12-22T00:00:00+00:00, run_after=2024-12-23T00:00:00+00:00
[2024-12-22T09:38:14.363+0000] {processor.py:179} INFO - Processing /opt/airflow/dags/rickmorty.py took 0.137 seconds
[2024-12-22T09:38:44.433+0000] {processor.py:157} INFO - Started process (PID=506) to work on /opt/airflow/dags/rickmorty.py
[2024-12-22T09:38:44.434+0000] {processor.py:826} INFO - Processing file /opt/airflow/dags/rickmorty.py for tasks to queue
[2024-12-22T09:38:44.435+0000] {logging_mixin.py:150} INFO - [2024-12-22T09:38:44.435+0000] {dagbag.py:541} INFO - Filling up the DagBag from /opt/airflow/dags/rickmorty.py
[2024-12-22T09:38:44.453+0000] {processor.py:836} INFO - DAG(s) dict_keys(['rickmorty']) retrieved from /opt/airflow/dags/rickmorty.py
[2024-12-22T09:38:44.484+0000] {logging_mixin.py:150} INFO - [2024-12-22T09:38:44.484+0000] {dag.py:2742} INFO - Sync 1 DAGs
[2024-12-22T09:38:44.521+0000] {logging_mixin.py:150} INFO - [2024-12-22T09:38:44.521+0000] {dag.py:3508} INFO - Setting next_dagrun for rickmorty to 2024-12-22T00:00:00+00:00, run_after=2024-12-23T00:00:00+00:00
[2024-12-22T09:38:44.543+0000] {processor.py:179} INFO - Processing /opt/airflow/dags/rickmorty.py took 0.114 seconds
[2024-12-22T09:39:14.655+0000] {processor.py:157} INFO - Started process (PID=514) to work on /opt/airflow/dags/rickmorty.py
[2024-12-22T09:39:14.655+0000] {processor.py:826} INFO - Processing file /opt/airflow/dags/rickmorty.py for tasks to queue
[2024-12-22T09:39:14.656+0000] {logging_mixin.py:150} INFO - [2024-12-22T09:39:14.656+0000] {dagbag.py:541} INFO - Filling up the DagBag from /opt/airflow/dags/rickmorty.py
[2024-12-22T09:39:14.673+0000] {processor.py:836} INFO - DAG(s) dict_keys(['rickmorty']) retrieved from /opt/airflow/dags/rickmorty.py
[2024-12-22T09:39:14.714+0000] {logging_mixin.py:150} INFO - [2024-12-22T09:39:14.714+0000] {dag.py:2742} INFO - Sync 1 DAGs
[2024-12-22T09:39:14.786+0000] {logging_mixin.py:150} INFO - [2024-12-22T09:39:14.785+0000] {dag.py:3508} INFO - Setting next_dagrun for rickmorty to 2024-12-22T00:00:00+00:00, run_after=2024-12-23T00:00:00+00:00
[2024-12-22T09:39:14.828+0000] {processor.py:179} INFO - Processing /opt/airflow/dags/rickmorty.py took 0.178 seconds
[2024-12-22T09:39:44.870+0000] {processor.py:157} INFO - Started process (PID=521) to work on /opt/airflow/dags/rickmorty.py
[2024-12-22T09:39:44.871+0000] {processor.py:826} INFO - Processing file /opt/airflow/dags/rickmorty.py for tasks to queue
[2024-12-22T09:39:44.872+0000] {logging_mixin.py:150} INFO - [2024-12-22T09:39:44.872+0000] {dagbag.py:541} INFO - Filling up the DagBag from /opt/airflow/dags/rickmorty.py
[2024-12-22T09:39:44.893+0000] {processor.py:836} INFO - DAG(s) dict_keys(['rickmorty']) retrieved from /opt/airflow/dags/rickmorty.py
[2024-12-22T09:39:44.944+0000] {logging_mixin.py:150} INFO - [2024-12-22T09:39:44.943+0000] {dag.py:2742} INFO - Sync 1 DAGs
[2024-12-22T09:39:44.998+0000] {logging_mixin.py:150} INFO - [2024-12-22T09:39:44.997+0000] {dag.py:3508} INFO - Setting next_dagrun for rickmorty to 2024-12-22T00:00:00+00:00, run_after=2024-12-23T00:00:00+00:00
[2024-12-22T09:39:45.031+0000] {processor.py:179} INFO - Processing /opt/airflow/dags/rickmorty.py took 0.169 seconds
[2024-12-22T09:40:15.148+0000] {processor.py:157} INFO - Started process (PID=529) to work on /opt/airflow/dags/rickmorty.py
[2024-12-22T09:40:15.149+0000] {processor.py:826} INFO - Processing file /opt/airflow/dags/rickmorty.py for tasks to queue
[2024-12-22T09:40:15.151+0000] {logging_mixin.py:150} INFO - [2024-12-22T09:40:15.150+0000] {dagbag.py:541} INFO - Filling up the DagBag from /opt/airflow/dags/rickmorty.py
[2024-12-22T09:40:15.170+0000] {processor.py:836} INFO - DAG(s) dict_keys(['rickmorty']) retrieved from /opt/airflow/dags/rickmorty.py
[2024-12-22T09:40:15.208+0000] {logging_mixin.py:150} INFO - [2024-12-22T09:40:15.208+0000] {dag.py:2742} INFO - Sync 1 DAGs
[2024-12-22T09:40:15.246+0000] {logging_mixin.py:150} INFO - [2024-12-22T09:40:15.246+0000] {dag.py:3508} INFO - Setting next_dagrun for rickmorty to 2024-12-22T00:00:00+00:00, run_after=2024-12-23T00:00:00+00:00
[2024-12-22T09:40:15.273+0000] {processor.py:179} INFO - Processing /opt/airflow/dags/rickmorty.py took 0.130 seconds
[2024-12-22T09:40:45.352+0000] {processor.py:157} INFO - Started process (PID=536) to work on /opt/airflow/dags/rickmorty.py
[2024-12-22T09:40:45.353+0000] {processor.py:826} INFO - Processing file /opt/airflow/dags/rickmorty.py for tasks to queue
[2024-12-22T09:40:45.355+0000] {logging_mixin.py:150} INFO - [2024-12-22T09:40:45.354+0000] {dagbag.py:541} INFO - Filling up the DagBag from /opt/airflow/dags/rickmorty.py
[2024-12-22T09:40:45.370+0000] {processor.py:836} INFO - DAG(s) dict_keys(['rickmorty']) retrieved from /opt/airflow/dags/rickmorty.py
[2024-12-22T09:40:45.423+0000] {logging_mixin.py:150} INFO - [2024-12-22T09:40:45.422+0000] {dag.py:2742} INFO - Sync 1 DAGs
[2024-12-22T09:40:45.471+0000] {logging_mixin.py:150} INFO - [2024-12-22T09:40:45.470+0000] {dag.py:3508} INFO - Setting next_dagrun for rickmorty to 2024-12-22T00:00:00+00:00, run_after=2024-12-23T00:00:00+00:00
[2024-12-22T09:40:45.500+0000] {processor.py:179} INFO - Processing /opt/airflow/dags/rickmorty.py took 0.154 seconds
[2024-12-22T09:41:15.607+0000] {processor.py:157} INFO - Started process (PID=544) to work on /opt/airflow/dags/rickmorty.py
[2024-12-22T09:41:15.608+0000] {processor.py:826} INFO - Processing file /opt/airflow/dags/rickmorty.py for tasks to queue
[2024-12-22T09:41:15.609+0000] {logging_mixin.py:150} INFO - [2024-12-22T09:41:15.609+0000] {dagbag.py:541} INFO - Filling up the DagBag from /opt/airflow/dags/rickmorty.py
[2024-12-22T09:41:15.627+0000] {processor.py:836} INFO - DAG(s) dict_keys(['rickmorty']) retrieved from /opt/airflow/dags/rickmorty.py
[2024-12-22T09:41:15.663+0000] {logging_mixin.py:150} INFO - [2024-12-22T09:41:15.662+0000] {dag.py:2742} INFO - Sync 1 DAGs
[2024-12-22T09:41:15.704+0000] {logging_mixin.py:150} INFO - [2024-12-22T09:41:15.704+0000] {dag.py:3508} INFO - Setting next_dagrun for rickmorty to 2024-12-22T00:00:00+00:00, run_after=2024-12-23T00:00:00+00:00
[2024-12-22T09:41:15.733+0000] {processor.py:179} INFO - Processing /opt/airflow/dags/rickmorty.py took 0.133 seconds
[2024-12-22T09:41:45.834+0000] {processor.py:157} INFO - Started process (PID=553) to work on /opt/airflow/dags/rickmorty.py
[2024-12-22T09:41:45.835+0000] {processor.py:826} INFO - Processing file /opt/airflow/dags/rickmorty.py for tasks to queue
[2024-12-22T09:41:45.836+0000] {logging_mixin.py:150} INFO - [2024-12-22T09:41:45.836+0000] {dagbag.py:541} INFO - Filling up the DagBag from /opt/airflow/dags/rickmorty.py
[2024-12-22T09:41:45.851+0000] {processor.py:836} INFO - DAG(s) dict_keys(['rickmorty']) retrieved from /opt/airflow/dags/rickmorty.py
[2024-12-22T09:41:45.896+0000] {logging_mixin.py:150} INFO - [2024-12-22T09:41:45.896+0000] {dag.py:2742} INFO - Sync 1 DAGs
[2024-12-22T09:41:45.937+0000] {logging_mixin.py:150} INFO - [2024-12-22T09:41:45.936+0000] {dag.py:3508} INFO - Setting next_dagrun for rickmorty to 2024-12-22T00:00:00+00:00, run_after=2024-12-23T00:00:00+00:00
[2024-12-22T09:41:45.963+0000] {processor.py:179} INFO - Processing /opt/airflow/dags/rickmorty.py took 0.133 seconds
[2024-12-22T09:42:16.067+0000] {processor.py:157} INFO - Started process (PID=561) to work on /opt/airflow/dags/rickmorty.py
[2024-12-22T09:42:16.073+0000] {processor.py:826} INFO - Processing file /opt/airflow/dags/rickmorty.py for tasks to queue
[2024-12-22T09:42:16.078+0000] {logging_mixin.py:150} INFO - [2024-12-22T09:42:16.075+0000] {dagbag.py:541} INFO - Filling up the DagBag from /opt/airflow/dags/rickmorty.py
[2024-12-22T09:42:16.102+0000] {processor.py:836} INFO - DAG(s) dict_keys(['rickmorty']) retrieved from /opt/airflow/dags/rickmorty.py
[2024-12-22T09:42:16.148+0000] {logging_mixin.py:150} INFO - [2024-12-22T09:42:16.148+0000] {dag.py:2742} INFO - Sync 1 DAGs
[2024-12-22T09:42:16.196+0000] {logging_mixin.py:150} INFO - [2024-12-22T09:42:16.196+0000] {dag.py:3508} INFO - Setting next_dagrun for rickmorty to 2024-12-22T00:00:00+00:00, run_after=2024-12-23T00:00:00+00:00
[2024-12-22T09:42:16.230+0000] {processor.py:179} INFO - Processing /opt/airflow/dags/rickmorty.py took 0.172 seconds
[2024-12-22T09:42:46.269+0000] {processor.py:157} INFO - Started process (PID=569) to work on /opt/airflow/dags/rickmorty.py
[2024-12-22T09:42:46.271+0000] {processor.py:826} INFO - Processing file /opt/airflow/dags/rickmorty.py for tasks to queue
[2024-12-22T09:42:46.272+0000] {logging_mixin.py:150} INFO - [2024-12-22T09:42:46.271+0000] {dagbag.py:541} INFO - Filling up the DagBag from /opt/airflow/dags/rickmorty.py
[2024-12-22T09:42:46.287+0000] {processor.py:836} INFO - DAG(s) dict_keys(['rickmorty']) retrieved from /opt/airflow/dags/rickmorty.py
[2024-12-22T09:42:46.318+0000] {logging_mixin.py:150} INFO - [2024-12-22T09:42:46.317+0000] {dag.py:2742} INFO - Sync 1 DAGs
[2024-12-22T09:42:46.353+0000] {logging_mixin.py:150} INFO - [2024-12-22T09:42:46.352+0000] {dag.py:3508} INFO - Setting next_dagrun for rickmorty to 2024-12-22T00:00:00+00:00, run_after=2024-12-23T00:00:00+00:00
[2024-12-22T09:42:46.375+0000] {processor.py:179} INFO - Processing /opt/airflow/dags/rickmorty.py took 0.110 seconds
[2024-12-22T09:43:16.527+0000] {processor.py:157} INFO - Started process (PID=576) to work on /opt/airflow/dags/rickmorty.py
[2024-12-22T09:43:16.528+0000] {processor.py:826} INFO - Processing file /opt/airflow/dags/rickmorty.py for tasks to queue
[2024-12-22T09:43:16.529+0000] {logging_mixin.py:150} INFO - [2024-12-22T09:43:16.529+0000] {dagbag.py:541} INFO - Filling up the DagBag from /opt/airflow/dags/rickmorty.py
[2024-12-22T09:43:16.545+0000] {processor.py:836} INFO - DAG(s) dict_keys(['rickmorty']) retrieved from /opt/airflow/dags/rickmorty.py
[2024-12-22T09:43:16.576+0000] {logging_mixin.py:150} INFO - [2024-12-22T09:43:16.576+0000] {dag.py:2742} INFO - Sync 1 DAGs
[2024-12-22T09:43:16.610+0000] {logging_mixin.py:150} INFO - [2024-12-22T09:43:16.610+0000] {dag.py:3508} INFO - Setting next_dagrun for rickmorty to 2024-12-22T00:00:00+00:00, run_after=2024-12-23T00:00:00+00:00
[2024-12-22T09:43:16.633+0000] {processor.py:179} INFO - Processing /opt/airflow/dags/rickmorty.py took 0.112 seconds
[2024-12-22T09:43:46.693+0000] {processor.py:157} INFO - Started process (PID=584) to work on /opt/airflow/dags/rickmorty.py
[2024-12-22T09:43:46.694+0000] {processor.py:826} INFO - Processing file /opt/airflow/dags/rickmorty.py for tasks to queue
[2024-12-22T09:43:46.695+0000] {logging_mixin.py:150} INFO - [2024-12-22T09:43:46.695+0000] {dagbag.py:541} INFO - Filling up the DagBag from /opt/airflow/dags/rickmorty.py
[2024-12-22T09:43:46.710+0000] {processor.py:836} INFO - DAG(s) dict_keys(['rickmorty']) retrieved from /opt/airflow/dags/rickmorty.py
[2024-12-22T09:43:46.746+0000] {logging_mixin.py:150} INFO - [2024-12-22T09:43:46.746+0000] {dag.py:2742} INFO - Sync 1 DAGs
[2024-12-22T09:43:46.785+0000] {logging_mixin.py:150} INFO - [2024-12-22T09:43:46.785+0000] {dag.py:3508} INFO - Setting next_dagrun for rickmorty to 2024-12-22T00:00:00+00:00, run_after=2024-12-23T00:00:00+00:00
[2024-12-22T09:43:46.809+0000] {processor.py:179} INFO - Processing /opt/airflow/dags/rickmorty.py took 0.121 seconds
[2024-12-22T09:44:16.943+0000] {processor.py:157} INFO - Started process (PID=592) to work on /opt/airflow/dags/rickmorty.py
[2024-12-22T09:44:16.944+0000] {processor.py:826} INFO - Processing file /opt/airflow/dags/rickmorty.py for tasks to queue
[2024-12-22T09:44:16.945+0000] {logging_mixin.py:150} INFO - [2024-12-22T09:44:16.944+0000] {dagbag.py:541} INFO - Filling up the DagBag from /opt/airflow/dags/rickmorty.py
[2024-12-22T09:44:16.963+0000] {processor.py:836} INFO - DAG(s) dict_keys(['rickmorty']) retrieved from /opt/airflow/dags/rickmorty.py
[2024-12-22T09:44:16.996+0000] {logging_mixin.py:150} INFO - [2024-12-22T09:44:16.996+0000] {dag.py:2742} INFO - Sync 1 DAGs
[2024-12-22T09:44:17.035+0000] {logging_mixin.py:150} INFO - [2024-12-22T09:44:17.034+0000] {dag.py:3508} INFO - Setting next_dagrun for rickmorty to 2024-12-22T00:00:00+00:00, run_after=2024-12-23T00:00:00+00:00
[2024-12-22T09:44:17.060+0000] {processor.py:179} INFO - Processing /opt/airflow/dags/rickmorty.py took 0.121 seconds
[2024-12-22T09:44:47.349+0000] {processor.py:157} INFO - Started process (PID=600) to work on /opt/airflow/dags/rickmorty.py
[2024-12-22T09:44:47.351+0000] {processor.py:826} INFO - Processing file /opt/airflow/dags/rickmorty.py for tasks to queue
[2024-12-22T09:44:47.352+0000] {logging_mixin.py:150} INFO - [2024-12-22T09:44:47.352+0000] {dagbag.py:541} INFO - Filling up the DagBag from /opt/airflow/dags/rickmorty.py
[2024-12-22T09:44:47.368+0000] {processor.py:836} INFO - DAG(s) dict_keys(['rickmorty']) retrieved from /opt/airflow/dags/rickmorty.py
[2024-12-22T09:44:47.413+0000] {logging_mixin.py:150} INFO - [2024-12-22T09:44:47.412+0000] {dag.py:2742} INFO - Sync 1 DAGs
[2024-12-22T09:44:47.450+0000] {logging_mixin.py:150} INFO - [2024-12-22T09:44:47.449+0000] {dag.py:3508} INFO - Setting next_dagrun for rickmorty to 2024-12-22T00:00:00+00:00, run_after=2024-12-23T00:00:00+00:00
[2024-12-22T09:44:47.472+0000] {processor.py:179} INFO - Processing /opt/airflow/dags/rickmorty.py took 0.136 seconds
[2024-12-22T09:45:17.537+0000] {processor.py:157} INFO - Started process (PID=608) to work on /opt/airflow/dags/rickmorty.py
[2024-12-22T09:45:17.538+0000] {processor.py:826} INFO - Processing file /opt/airflow/dags/rickmorty.py for tasks to queue
[2024-12-22T09:45:17.539+0000] {logging_mixin.py:150} INFO - [2024-12-22T09:45:17.539+0000] {dagbag.py:541} INFO - Filling up the DagBag from /opt/airflow/dags/rickmorty.py
[2024-12-22T09:45:17.571+0000] {processor.py:836} INFO - DAG(s) dict_keys(['rickmorty']) retrieved from /opt/airflow/dags/rickmorty.py
[2024-12-22T09:45:17.619+0000] {logging_mixin.py:150} INFO - [2024-12-22T09:45:17.619+0000] {dag.py:2742} INFO - Sync 1 DAGs
[2024-12-22T09:45:17.687+0000] {logging_mixin.py:150} INFO - [2024-12-22T09:45:17.687+0000] {dag.py:3508} INFO - Setting next_dagrun for rickmorty to 2024-12-22T00:00:00+00:00, run_after=2024-12-23T00:00:00+00:00
[2024-12-22T09:45:17.713+0000] {processor.py:179} INFO - Processing /opt/airflow/dags/rickmorty.py took 0.181 seconds
[2024-12-22T09:45:47.844+0000] {processor.py:157} INFO - Started process (PID=616) to work on /opt/airflow/dags/rickmorty.py
[2024-12-22T09:45:47.845+0000] {processor.py:826} INFO - Processing file /opt/airflow/dags/rickmorty.py for tasks to queue
[2024-12-22T09:45:47.846+0000] {logging_mixin.py:150} INFO - [2024-12-22T09:45:47.846+0000] {dagbag.py:541} INFO - Filling up the DagBag from /opt/airflow/dags/rickmorty.py
[2024-12-22T09:45:47.862+0000] {processor.py:836} INFO - DAG(s) dict_keys(['rickmorty']) retrieved from /opt/airflow/dags/rickmorty.py
[2024-12-22T09:45:47.897+0000] {logging_mixin.py:150} INFO - [2024-12-22T09:45:47.896+0000] {dag.py:2742} INFO - Sync 1 DAGs
[2024-12-22T09:45:47.932+0000] {logging_mixin.py:150} INFO - [2024-12-22T09:45:47.931+0000] {dag.py:3508} INFO - Setting next_dagrun for rickmorty to 2024-12-22T00:00:00+00:00, run_after=2024-12-23T00:00:00+00:00
[2024-12-22T09:45:47.957+0000] {processor.py:179} INFO - Processing /opt/airflow/dags/rickmorty.py took 0.120 seconds
[2024-12-22T09:46:18.144+0000] {processor.py:157} INFO - Started process (PID=625) to work on /opt/airflow/dags/rickmorty.py
[2024-12-22T09:46:18.145+0000] {processor.py:826} INFO - Processing file /opt/airflow/dags/rickmorty.py for tasks to queue
[2024-12-22T09:46:18.146+0000] {logging_mixin.py:150} INFO - [2024-12-22T09:46:18.146+0000] {dagbag.py:541} INFO - Filling up the DagBag from /opt/airflow/dags/rickmorty.py
[2024-12-22T09:46:18.162+0000] {processor.py:836} INFO - DAG(s) dict_keys(['rickmorty']) retrieved from /opt/airflow/dags/rickmorty.py
[2024-12-22T09:46:18.201+0000] {logging_mixin.py:150} INFO - [2024-12-22T09:46:18.201+0000] {dag.py:2742} INFO - Sync 1 DAGs
[2024-12-22T09:46:18.238+0000] {logging_mixin.py:150} INFO - [2024-12-22T09:46:18.238+0000] {dag.py:3508} INFO - Setting next_dagrun for rickmorty to 2024-12-22T00:00:00+00:00, run_after=2024-12-23T00:00:00+00:00
[2024-12-22T09:46:18.262+0000] {processor.py:179} INFO - Processing /opt/airflow/dags/rickmorty.py took 0.124 seconds
[2024-12-22T09:46:48.339+0000] {processor.py:157} INFO - Started process (PID=632) to work on /opt/airflow/dags/rickmorty.py
[2024-12-22T09:46:48.340+0000] {processor.py:826} INFO - Processing file /opt/airflow/dags/rickmorty.py for tasks to queue
[2024-12-22T09:46:48.342+0000] {logging_mixin.py:150} INFO - [2024-12-22T09:46:48.341+0000] {dagbag.py:541} INFO - Filling up the DagBag from /opt/airflow/dags/rickmorty.py
[2024-12-22T09:46:48.363+0000] {processor.py:836} INFO - DAG(s) dict_keys(['rickmorty']) retrieved from /opt/airflow/dags/rickmorty.py
[2024-12-22T09:46:48.399+0000] {logging_mixin.py:150} INFO - [2024-12-22T09:46:48.398+0000] {dag.py:2742} INFO - Sync 1 DAGs
[2024-12-22T09:46:48.437+0000] {logging_mixin.py:150} INFO - [2024-12-22T09:46:48.437+0000] {dag.py:3508} INFO - Setting next_dagrun for rickmorty to 2024-12-22T00:00:00+00:00, run_after=2024-12-23T00:00:00+00:00
[2024-12-22T09:46:48.460+0000] {processor.py:179} INFO - Processing /opt/airflow/dags/rickmorty.py took 0.128 seconds
[2024-12-22T09:47:18.608+0000] {processor.py:157} INFO - Started process (PID=640) to work on /opt/airflow/dags/rickmorty.py
[2024-12-22T09:47:18.609+0000] {processor.py:826} INFO - Processing file /opt/airflow/dags/rickmorty.py for tasks to queue
[2024-12-22T09:47:18.611+0000] {logging_mixin.py:150} INFO - [2024-12-22T09:47:18.611+0000] {dagbag.py:541} INFO - Filling up the DagBag from /opt/airflow/dags/rickmorty.py
[2024-12-22T09:47:18.631+0000] {processor.py:836} INFO - DAG(s) dict_keys(['rickmorty']) retrieved from /opt/airflow/dags/rickmorty.py
[2024-12-22T09:47:18.667+0000] {logging_mixin.py:150} INFO - [2024-12-22T09:47:18.666+0000] {dag.py:2742} INFO - Sync 1 DAGs
[2024-12-22T09:47:18.702+0000] {logging_mixin.py:150} INFO - [2024-12-22T09:47:18.701+0000] {dag.py:3508} INFO - Setting next_dagrun for rickmorty to 2024-12-22T00:00:00+00:00, run_after=2024-12-23T00:00:00+00:00
[2024-12-22T09:47:18.725+0000] {processor.py:179} INFO - Processing /opt/airflow/dags/rickmorty.py took 0.123 seconds
[2024-12-22T09:47:48.800+0000] {processor.py:157} INFO - Started process (PID=648) to work on /opt/airflow/dags/rickmorty.py
[2024-12-22T09:47:48.801+0000] {processor.py:826} INFO - Processing file /opt/airflow/dags/rickmorty.py for tasks to queue
[2024-12-22T09:47:48.803+0000] {logging_mixin.py:150} INFO - [2024-12-22T09:47:48.802+0000] {dagbag.py:541} INFO - Filling up the DagBag from /opt/airflow/dags/rickmorty.py
[2024-12-22T09:47:48.827+0000] {processor.py:836} INFO - DAG(s) dict_keys(['rickmorty']) retrieved from /opt/airflow/dags/rickmorty.py
[2024-12-22T09:47:48.861+0000] {logging_mixin.py:150} INFO - [2024-12-22T09:47:48.861+0000] {dag.py:2742} INFO - Sync 1 DAGs
[2024-12-22T09:47:48.903+0000] {logging_mixin.py:150} INFO - [2024-12-22T09:47:48.903+0000] {dag.py:3508} INFO - Setting next_dagrun for rickmorty to 2024-12-22T00:00:00+00:00, run_after=2024-12-23T00:00:00+00:00
[2024-12-22T09:47:48.928+0000] {processor.py:179} INFO - Processing /opt/airflow/dags/rickmorty.py took 0.137 seconds
[2024-12-22T09:48:19.069+0000] {processor.py:157} INFO - Started process (PID=656) to work on /opt/airflow/dags/rickmorty.py
[2024-12-22T09:48:19.069+0000] {processor.py:826} INFO - Processing file /opt/airflow/dags/rickmorty.py for tasks to queue
[2024-12-22T09:48:19.070+0000] {logging_mixin.py:150} INFO - [2024-12-22T09:48:19.070+0000] {dagbag.py:541} INFO - Filling up the DagBag from /opt/airflow/dags/rickmorty.py
[2024-12-22T09:48:19.091+0000] {processor.py:836} INFO - DAG(s) dict_keys(['rickmorty']) retrieved from /opt/airflow/dags/rickmorty.py
[2024-12-22T09:48:19.126+0000] {logging_mixin.py:150} INFO - [2024-12-22T09:48:19.126+0000] {dag.py:2742} INFO - Sync 1 DAGs
[2024-12-22T09:48:19.163+0000] {logging_mixin.py:150} INFO - [2024-12-22T09:48:19.163+0000] {dag.py:3508} INFO - Setting next_dagrun for rickmorty to 2024-12-22T00:00:00+00:00, run_after=2024-12-23T00:00:00+00:00
[2024-12-22T09:48:19.194+0000] {processor.py:179} INFO - Processing /opt/airflow/dags/rickmorty.py took 0.129 seconds
[2024-12-22T09:48:49.248+0000] {processor.py:157} INFO - Started process (PID=664) to work on /opt/airflow/dags/rickmorty.py
[2024-12-22T09:48:49.250+0000] {processor.py:826} INFO - Processing file /opt/airflow/dags/rickmorty.py for tasks to queue
[2024-12-22T09:48:49.251+0000] {logging_mixin.py:150} INFO - [2024-12-22T09:48:49.251+0000] {dagbag.py:541} INFO - Filling up the DagBag from /opt/airflow/dags/rickmorty.py
[2024-12-22T09:48:49.268+0000] {processor.py:836} INFO - DAG(s) dict_keys(['rickmorty']) retrieved from /opt/airflow/dags/rickmorty.py
[2024-12-22T09:48:49.306+0000] {logging_mixin.py:150} INFO - [2024-12-22T09:48:49.305+0000] {dag.py:2742} INFO - Sync 1 DAGs
[2024-12-22T09:48:49.348+0000] {logging_mixin.py:150} INFO - [2024-12-22T09:48:49.347+0000] {dag.py:3508} INFO - Setting next_dagrun for rickmorty to 2024-12-22T00:00:00+00:00, run_after=2024-12-23T00:00:00+00:00
[2024-12-22T09:48:49.374+0000] {processor.py:179} INFO - Processing /opt/airflow/dags/rickmorty.py took 0.131 seconds
[2024-12-22T09:49:19.500+0000] {processor.py:157} INFO - Started process (PID=672) to work on /opt/airflow/dags/rickmorty.py
[2024-12-22T09:49:19.501+0000] {processor.py:826} INFO - Processing file /opt/airflow/dags/rickmorty.py for tasks to queue
[2024-12-22T09:49:19.502+0000] {logging_mixin.py:150} INFO - [2024-12-22T09:49:19.502+0000] {dagbag.py:541} INFO - Filling up the DagBag from /opt/airflow/dags/rickmorty.py
[2024-12-22T09:49:19.525+0000] {processor.py:836} INFO - DAG(s) dict_keys(['rickmorty']) retrieved from /opt/airflow/dags/rickmorty.py
[2024-12-22T09:49:19.570+0000] {logging_mixin.py:150} INFO - [2024-12-22T09:49:19.570+0000] {dag.py:2742} INFO - Sync 1 DAGs
[2024-12-22T09:49:19.649+0000] {logging_mixin.py:150} INFO - [2024-12-22T09:49:19.649+0000] {dag.py:3508} INFO - Setting next_dagrun for rickmorty to 2024-12-22T00:00:00+00:00, run_after=2024-12-23T00:00:00+00:00
[2024-12-22T09:49:19.690+0000] {processor.py:179} INFO - Processing /opt/airflow/dags/rickmorty.py took 0.195 seconds
[2024-12-22T09:49:49.844+0000] {processor.py:157} INFO - Started process (PID=679) to work on /opt/airflow/dags/rickmorty.py
[2024-12-22T09:49:49.846+0000] {processor.py:826} INFO - Processing file /opt/airflow/dags/rickmorty.py for tasks to queue
[2024-12-22T09:49:49.847+0000] {logging_mixin.py:150} INFO - [2024-12-22T09:49:49.847+0000] {dagbag.py:541} INFO - Filling up the DagBag from /opt/airflow/dags/rickmorty.py
[2024-12-22T09:49:49.875+0000] {processor.py:836} INFO - DAG(s) dict_keys(['rickmorty']) retrieved from /opt/airflow/dags/rickmorty.py
[2024-12-22T09:49:49.911+0000] {logging_mixin.py:150} INFO - [2024-12-22T09:49:49.911+0000] {dag.py:2742} INFO - Sync 1 DAGs
[2024-12-22T09:49:49.981+0000] {logging_mixin.py:150} INFO - [2024-12-22T09:49:49.981+0000] {dag.py:3508} INFO - Setting next_dagrun for rickmorty to 2024-12-22T00:00:00+00:00, run_after=2024-12-23T00:00:00+00:00
[2024-12-22T09:49:50.015+0000] {processor.py:179} INFO - Processing /opt/airflow/dags/rickmorty.py took 0.176 seconds
[2024-12-22T09:50:20.230+0000] {processor.py:157} INFO - Started process (PID=687) to work on /opt/airflow/dags/rickmorty.py
[2024-12-22T09:50:20.231+0000] {processor.py:826} INFO - Processing file /opt/airflow/dags/rickmorty.py for tasks to queue
[2024-12-22T09:50:20.232+0000] {logging_mixin.py:150} INFO - [2024-12-22T09:50:20.232+0000] {dagbag.py:541} INFO - Filling up the DagBag from /opt/airflow/dags/rickmorty.py
[2024-12-22T09:50:20.251+0000] {processor.py:836} INFO - DAG(s) dict_keys(['rickmorty']) retrieved from /opt/airflow/dags/rickmorty.py
[2024-12-22T09:50:20.285+0000] {logging_mixin.py:150} INFO - [2024-12-22T09:50:20.285+0000] {dag.py:2742} INFO - Sync 1 DAGs
[2024-12-22T09:50:20.323+0000] {logging_mixin.py:150} INFO - [2024-12-22T09:50:20.323+0000] {dag.py:3508} INFO - Setting next_dagrun for rickmorty to 2024-12-22T00:00:00+00:00, run_after=2024-12-23T00:00:00+00:00
[2024-12-22T09:50:20.346+0000] {processor.py:179} INFO - Processing /opt/airflow/dags/rickmorty.py took 0.125 seconds
[2024-12-22T09:50:50.385+0000] {processor.py:157} INFO - Started process (PID=695) to work on /opt/airflow/dags/rickmorty.py
[2024-12-22T09:50:50.386+0000] {processor.py:826} INFO - Processing file /opt/airflow/dags/rickmorty.py for tasks to queue
[2024-12-22T09:50:50.387+0000] {logging_mixin.py:150} INFO - [2024-12-22T09:50:50.387+0000] {dagbag.py:541} INFO - Filling up the DagBag from /opt/airflow/dags/rickmorty.py
[2024-12-22T09:50:50.407+0000] {processor.py:836} INFO - DAG(s) dict_keys(['rickmorty']) retrieved from /opt/airflow/dags/rickmorty.py
[2024-12-22T09:50:50.448+0000] {logging_mixin.py:150} INFO - [2024-12-22T09:50:50.448+0000] {dag.py:2742} INFO - Sync 1 DAGs
[2024-12-22T09:50:50.495+0000] {logging_mixin.py:150} INFO - [2024-12-22T09:50:50.494+0000] {dag.py:3508} INFO - Setting next_dagrun for rickmorty to 2024-12-22T00:00:00+00:00, run_after=2024-12-23T00:00:00+00:00
[2024-12-22T09:50:50.527+0000] {processor.py:179} INFO - Processing /opt/airflow/dags/rickmorty.py took 0.149 seconds
[2024-12-22T09:51:20.679+0000] {processor.py:157} INFO - Started process (PID=703) to work on /opt/airflow/dags/rickmorty.py
[2024-12-22T09:51:20.679+0000] {processor.py:826} INFO - Processing file /opt/airflow/dags/rickmorty.py for tasks to queue
[2024-12-22T09:51:20.681+0000] {logging_mixin.py:150} INFO - [2024-12-22T09:51:20.680+0000] {dagbag.py:541} INFO - Filling up the DagBag from /opt/airflow/dags/rickmorty.py
[2024-12-22T09:51:20.718+0000] {processor.py:836} INFO - DAG(s) dict_keys(['rickmorty']) retrieved from /opt/airflow/dags/rickmorty.py
[2024-12-22T09:51:20.769+0000] {logging_mixin.py:150} INFO - [2024-12-22T09:51:20.769+0000] {dag.py:2742} INFO - Sync 1 DAGs
[2024-12-22T09:51:20.831+0000] {logging_mixin.py:150} INFO - [2024-12-22T09:51:20.831+0000] {dag.py:3508} INFO - Setting next_dagrun for rickmorty to 2024-12-22T00:00:00+00:00, run_after=2024-12-23T00:00:00+00:00
[2024-12-22T09:51:20.865+0000] {processor.py:179} INFO - Processing /opt/airflow/dags/rickmorty.py took 0.192 seconds
[2024-12-22T09:51:51.027+0000] {processor.py:157} INFO - Started process (PID=711) to work on /opt/airflow/dags/rickmorty.py
[2024-12-22T09:51:51.029+0000] {processor.py:826} INFO - Processing file /opt/airflow/dags/rickmorty.py for tasks to queue
[2024-12-22T09:51:51.030+0000] {logging_mixin.py:150} INFO - [2024-12-22T09:51:51.030+0000] {dagbag.py:541} INFO - Filling up the DagBag from /opt/airflow/dags/rickmorty.py
[2024-12-22T09:51:51.046+0000] {processor.py:836} INFO - DAG(s) dict_keys(['rickmorty']) retrieved from /opt/airflow/dags/rickmorty.py
[2024-12-22T09:51:51.081+0000] {logging_mixin.py:150} INFO - [2024-12-22T09:51:51.081+0000] {dag.py:2742} INFO - Sync 1 DAGs
[2024-12-22T09:51:51.161+0000] {logging_mixin.py:150} INFO - [2024-12-22T09:51:51.161+0000] {dag.py:3508} INFO - Setting next_dagrun for rickmorty to 2024-12-22T00:00:00+00:00, run_after=2024-12-23T00:00:00+00:00
[2024-12-22T09:51:51.200+0000] {processor.py:179} INFO - Processing /opt/airflow/dags/rickmorty.py took 0.178 seconds
[2024-12-22T09:52:21.366+0000] {processor.py:157} INFO - Started process (PID=719) to work on /opt/airflow/dags/rickmorty.py
[2024-12-22T09:52:21.367+0000] {processor.py:826} INFO - Processing file /opt/airflow/dags/rickmorty.py for tasks to queue
[2024-12-22T09:52:21.368+0000] {logging_mixin.py:150} INFO - [2024-12-22T09:52:21.368+0000] {dagbag.py:541} INFO - Filling up the DagBag from /opt/airflow/dags/rickmorty.py
[2024-12-22T09:52:21.384+0000] {processor.py:836} INFO - DAG(s) dict_keys(['rickmorty']) retrieved from /opt/airflow/dags/rickmorty.py
[2024-12-22T09:52:21.422+0000] {logging_mixin.py:150} INFO - [2024-12-22T09:52:21.421+0000] {dag.py:2742} INFO - Sync 1 DAGs
[2024-12-22T09:52:21.461+0000] {logging_mixin.py:150} INFO - [2024-12-22T09:52:21.461+0000] {dag.py:3508} INFO - Setting next_dagrun for rickmorty to 2024-12-22T00:00:00+00:00, run_after=2024-12-23T00:00:00+00:00
[2024-12-22T09:52:21.489+0000] {processor.py:179} INFO - Processing /opt/airflow/dags/rickmorty.py took 0.128 seconds
[2024-12-22T09:52:51.519+0000] {processor.py:157} INFO - Started process (PID=727) to work on /opt/airflow/dags/rickmorty.py
[2024-12-22T09:52:51.521+0000] {processor.py:826} INFO - Processing file /opt/airflow/dags/rickmorty.py for tasks to queue
[2024-12-22T09:52:51.522+0000] {logging_mixin.py:150} INFO - [2024-12-22T09:52:51.522+0000] {dagbag.py:541} INFO - Filling up the DagBag from /opt/airflow/dags/rickmorty.py
[2024-12-22T09:52:51.540+0000] {processor.py:836} INFO - DAG(s) dict_keys(['rickmorty']) retrieved from /opt/airflow/dags/rickmorty.py
[2024-12-22T09:52:51.581+0000] {logging_mixin.py:150} INFO - [2024-12-22T09:52:51.581+0000] {dag.py:2742} INFO - Sync 1 DAGs
[2024-12-22T09:52:51.627+0000] {logging_mixin.py:150} INFO - [2024-12-22T09:52:51.627+0000] {dag.py:3508} INFO - Setting next_dagrun for rickmorty to 2024-12-22T00:00:00+00:00, run_after=2024-12-23T00:00:00+00:00
[2024-12-22T09:52:51.665+0000] {processor.py:179} INFO - Processing /opt/airflow/dags/rickmorty.py took 0.151 seconds
[2024-12-22T09:53:21.825+0000] {processor.py:157} INFO - Started process (PID=735) to work on /opt/airflow/dags/rickmorty.py
[2024-12-22T09:53:21.825+0000] {processor.py:826} INFO - Processing file /opt/airflow/dags/rickmorty.py for tasks to queue
[2024-12-22T09:53:21.826+0000] {logging_mixin.py:150} INFO - [2024-12-22T09:53:21.826+0000] {dagbag.py:541} INFO - Filling up the DagBag from /opt/airflow/dags/rickmorty.py
[2024-12-22T09:53:21.844+0000] {processor.py:836} INFO - DAG(s) dict_keys(['rickmorty']) retrieved from /opt/airflow/dags/rickmorty.py
[2024-12-22T09:53:21.875+0000] {logging_mixin.py:150} INFO - [2024-12-22T09:53:21.875+0000] {dag.py:2742} INFO - Sync 1 DAGs
[2024-12-22T09:53:21.913+0000] {logging_mixin.py:150} INFO - [2024-12-22T09:53:21.913+0000] {dag.py:3508} INFO - Setting next_dagrun for rickmorty to 2024-12-22T00:00:00+00:00, run_after=2024-12-23T00:00:00+00:00
[2024-12-22T09:53:21.937+0000] {processor.py:179} INFO - Processing /opt/airflow/dags/rickmorty.py took 0.117 seconds
[2024-12-22T09:53:52.013+0000] {processor.py:157} INFO - Started process (PID=743) to work on /opt/airflow/dags/rickmorty.py
[2024-12-22T09:53:52.013+0000] {processor.py:826} INFO - Processing file /opt/airflow/dags/rickmorty.py for tasks to queue
[2024-12-22T09:53:52.014+0000] {logging_mixin.py:150} INFO - [2024-12-22T09:53:52.014+0000] {dagbag.py:541} INFO - Filling up the DagBag from /opt/airflow/dags/rickmorty.py
[2024-12-22T09:53:52.037+0000] {processor.py:836} INFO - DAG(s) dict_keys(['rickmorty']) retrieved from /opt/airflow/dags/rickmorty.py
[2024-12-22T09:53:52.080+0000] {logging_mixin.py:150} INFO - [2024-12-22T09:53:52.080+0000] {dag.py:2742} INFO - Sync 1 DAGs
[2024-12-22T09:53:52.129+0000] {logging_mixin.py:150} INFO - [2024-12-22T09:53:52.128+0000] {dag.py:3508} INFO - Setting next_dagrun for rickmorty to 2024-12-22T00:00:00+00:00, run_after=2024-12-23T00:00:00+00:00
[2024-12-22T09:53:52.163+0000] {processor.py:179} INFO - Processing /opt/airflow/dags/rickmorty.py took 0.157 seconds
